[2026-06-19T21:36:15.676+0000] {processor.py:186} INFO - Started process (PID=335) to work on /opt/airflow/dags/ecommerce_etl_backup.py
[2026-06-19T21:36:15.677+0000] {processor.py:914} INFO - Processing file /opt/airflow/dags/ecommerce_etl_backup.py for tasks to queue
[2026-06-19T21:36:15.681+0000] {logging_mixin.py:190} INFO - [2026-06-19T21:36:15.681+0000] {dagbag.py:587} INFO - Filling up the DagBag from /opt/airflow/dags/ecommerce_etl_backup.py
[2026-06-19T21:36:15.717+0000] {processor.py:925} INFO - DAG(s) 'ecommerce_etl' retrieved from /opt/airflow/dags/ecommerce_etl_backup.py
[2026-06-19T21:36:15.877+0000] {logging_mixin.py:190} INFO - [2026-06-19T21:36:15.877+0000] {dag.py:3211} INFO - Sync 1 DAGs
[2026-06-19T21:36:15.915+0000] {logging_mixin.py:190} INFO - [2026-06-19T21:36:15.914+0000] {dag.py:4138} INFO - Setting next_dagrun for ecommerce_etl to 2026-06-19 00:00:00+00:00, run_after=2026-06-20 00:00:00+00:00
[2026-06-19T21:36:15.946+0000] {processor.py:208} INFO - Processing /opt/airflow/dags/ecommerce_etl_backup.py took 0.278 seconds
[2026-06-19T21:36:46.111+0000] {processor.py:186} INFO - Started process (PID=345) to work on /opt/airflow/dags/ecommerce_etl_backup.py
[2026-06-19T21:36:46.113+0000] {processor.py:914} INFO - Processing file /opt/airflow/dags/ecommerce_etl_backup.py for tasks to queue
[2026-06-19T21:36:46.117+0000] {logging_mixin.py:190} INFO - [2026-06-19T21:36:46.116+0000] {dagbag.py:587} INFO - Filling up the DagBag from /opt/airflow/dags/ecommerce_etl_backup.py
[2026-06-19T21:36:46.160+0000] {processor.py:925} INFO - DAG(s) 'ecommerce_etl' retrieved from /opt/airflow/dags/ecommerce_etl_backup.py
[2026-06-19T21:36:46.216+0000] {logging_mixin.py:190} INFO - [2026-06-19T21:36:46.216+0000] {dag.py:3211} INFO - Sync 1 DAGs
[2026-06-19T21:36:46.262+0000] {logging_mixin.py:190} INFO - [2026-06-19T21:36:46.262+0000] {dag.py:4138} INFO - Setting next_dagrun for ecommerce_etl to 2026-06-19 00:00:00+00:00, run_after=2026-06-20 00:00:00+00:00
[2026-06-19T21:36:46.337+0000] {processor.py:208} INFO - Processing /opt/airflow/dags/ecommerce_etl_backup.py took 0.237 seconds
[2026-06-19T21:37:16.771+0000] {processor.py:186} INFO - Started process (PID=355) to work on /opt/airflow/dags/ecommerce_etl_backup.py
[2026-06-19T21:37:16.773+0000] {processor.py:914} INFO - Processing file /opt/airflow/dags/ecommerce_etl_backup.py for tasks to queue
[2026-06-19T21:37:16.778+0000] {logging_mixin.py:190} INFO - [2026-06-19T21:37:16.777+0000] {dagbag.py:587} INFO - Filling up the DagBag from /opt/airflow/dags/ecommerce_etl_backup.py
[2026-06-19T21:37:16.811+0000] {processor.py:925} INFO - DAG(s) 'ecommerce_etl' retrieved from /opt/airflow/dags/ecommerce_etl_backup.py
[2026-06-19T21:37:16.839+0000] {logging_mixin.py:190} INFO - [2026-06-19T21:37:16.839+0000] {dag.py:3211} INFO - Sync 1 DAGs
[2026-06-19T21:37:16.880+0000] {logging_mixin.py:190} INFO - [2026-06-19T21:37:16.880+0000] {dag.py:4138} INFO - Setting next_dagrun for ecommerce_etl to 2026-06-19 00:00:00+00:00, run_after=2026-06-20 00:00:00+00:00
[2026-06-19T21:37:16.984+0000] {processor.py:208} INFO - Processing /opt/airflow/dags/ecommerce_etl_backup.py took 0.225 seconds
[2026-06-19T21:37:47.461+0000] {processor.py:186} INFO - Started process (PID=365) to work on /opt/airflow/dags/ecommerce_etl_backup.py
[2026-06-19T21:37:47.462+0000] {processor.py:914} INFO - Processing file /opt/airflow/dags/ecommerce_etl_backup.py for tasks to queue
[2026-06-19T21:37:47.465+0000] {logging_mixin.py:190} INFO - [2026-06-19T21:37:47.465+0000] {dagbag.py:587} INFO - Filling up the DagBag from /opt/airflow/dags/ecommerce_etl_backup.py
[2026-06-19T21:37:47.499+0000] {processor.py:925} INFO - DAG(s) 'ecommerce_etl' retrieved from /opt/airflow/dags/ecommerce_etl_backup.py
[2026-06-19T21:37:47.663+0000] {logging_mixin.py:190} INFO - [2026-06-19T21:37:47.662+0000] {dag.py:3211} INFO - Sync 1 DAGs
[2026-06-19T21:37:47.891+0000] {logging_mixin.py:190} INFO - [2026-06-19T21:37:47.891+0000] {dag.py:4138} INFO - Setting next_dagrun for ecommerce_etl to 2026-06-19 00:00:00+00:00, run_after=2026-06-20 00:00:00+00:00
[2026-06-19T21:37:47.915+0000] {processor.py:208} INFO - Processing /opt/airflow/dags/ecommerce_etl_backup.py took 0.464 seconds
[2026-06-19T21:38:18.091+0000] {processor.py:186} INFO - Started process (PID=375) to work on /opt/airflow/dags/ecommerce_etl_backup.py
[2026-06-19T21:38:18.094+0000] {processor.py:914} INFO - Processing file /opt/airflow/dags/ecommerce_etl_backup.py for tasks to queue
[2026-06-19T21:38:18.098+0000] {logging_mixin.py:190} INFO - [2026-06-19T21:38:18.098+0000] {dagbag.py:587} INFO - Filling up the DagBag from /opt/airflow/dags/ecommerce_etl_backup.py
[2026-06-19T21:38:18.146+0000] {processor.py:925} INFO - DAG(s) 'ecommerce_etl' retrieved from /opt/airflow/dags/ecommerce_etl_backup.py
[2026-06-19T21:38:18.211+0000] {logging_mixin.py:190} INFO - [2026-06-19T21:38:18.210+0000] {dag.py:3211} INFO - Sync 1 DAGs
[2026-06-19T21:38:18.253+0000] {logging_mixin.py:190} INFO - [2026-06-19T21:38:18.252+0000] {dag.py:4138} INFO - Setting next_dagrun for ecommerce_etl to 2026-06-19 00:00:00+00:00, run_after=2026-06-20 00:00:00+00:00
[2026-06-19T21:38:18.290+0000] {processor.py:208} INFO - Processing /opt/airflow/dags/ecommerce_etl_backup.py took 0.209 seconds
[2026-06-19T21:38:48.780+0000] {processor.py:186} INFO - Started process (PID=385) to work on /opt/airflow/dags/ecommerce_etl_backup.py
[2026-06-19T21:38:48.781+0000] {processor.py:914} INFO - Processing file /opt/airflow/dags/ecommerce_etl_backup.py for tasks to queue
[2026-06-19T21:38:48.785+0000] {logging_mixin.py:190} INFO - [2026-06-19T21:38:48.785+0000] {dagbag.py:587} INFO - Filling up the DagBag from /opt/airflow/dags/ecommerce_etl_backup.py
[2026-06-19T21:38:48.817+0000] {processor.py:925} INFO - DAG(s) 'ecommerce_etl' retrieved from /opt/airflow/dags/ecommerce_etl_backup.py
[2026-06-19T21:38:48.840+0000] {logging_mixin.py:190} INFO - [2026-06-19T21:38:48.840+0000] {dag.py:3211} INFO - Sync 1 DAGs
[2026-06-19T21:38:48.874+0000] {logging_mixin.py:190} INFO - [2026-06-19T21:38:48.873+0000] {dag.py:4138} INFO - Setting next_dagrun for ecommerce_etl to 2026-06-19 00:00:00+00:00, run_after=2026-06-20 00:00:00+00:00
[2026-06-19T21:38:48.900+0000] {processor.py:208} INFO - Processing /opt/airflow/dags/ecommerce_etl_backup.py took 0.130 seconds
[2026-06-19T21:39:19.291+0000] {processor.py:186} INFO - Started process (PID=395) to work on /opt/airflow/dags/ecommerce_etl_backup.py
[2026-06-19T21:39:19.292+0000] {processor.py:914} INFO - Processing file /opt/airflow/dags/ecommerce_etl_backup.py for tasks to queue
[2026-06-19T21:39:19.296+0000] {logging_mixin.py:190} INFO - [2026-06-19T21:39:19.295+0000] {dagbag.py:587} INFO - Filling up the DagBag from /opt/airflow/dags/ecommerce_etl_backup.py
[2026-06-19T21:39:19.326+0000] {processor.py:925} INFO - DAG(s) 'ecommerce_etl' retrieved from /opt/airflow/dags/ecommerce_etl_backup.py
[2026-06-19T21:39:19.502+0000] {logging_mixin.py:190} INFO - [2026-06-19T21:39:19.502+0000] {dag.py:3211} INFO - Sync 1 DAGs
[2026-06-19T21:39:19.546+0000] {logging_mixin.py:190} INFO - [2026-06-19T21:39:19.546+0000] {dag.py:4138} INFO - Setting next_dagrun for ecommerce_etl to 2026-06-19 00:00:00+00:00, run_after=2026-06-20 00:00:00+00:00
[2026-06-19T21:39:19.619+0000] {processor.py:208} INFO - Processing /opt/airflow/dags/ecommerce_etl_backup.py took 0.336 seconds
[2026-06-19T21:39:49.695+0000] {processor.py:186} INFO - Started process (PID=405) to work on /opt/airflow/dags/ecommerce_etl_backup.py
[2026-06-19T21:39:49.696+0000] {processor.py:914} INFO - Processing file /opt/airflow/dags/ecommerce_etl_backup.py for tasks to queue
[2026-06-19T21:39:49.700+0000] {logging_mixin.py:190} INFO - [2026-06-19T21:39:49.700+0000] {dagbag.py:587} INFO - Filling up the DagBag from /opt/airflow/dags/ecommerce_etl_backup.py
[2026-06-19T21:39:49.731+0000] {processor.py:925} INFO - DAG(s) 'ecommerce_etl' retrieved from /opt/airflow/dags/ecommerce_etl_backup.py
[2026-06-19T21:39:49.785+0000] {logging_mixin.py:190} INFO - [2026-06-19T21:39:49.785+0000] {dag.py:3211} INFO - Sync 1 DAGs
[2026-06-19T21:39:49.840+0000] {logging_mixin.py:190} INFO - [2026-06-19T21:39:49.839+0000] {dag.py:4138} INFO - Setting next_dagrun for ecommerce_etl to 2026-06-19 00:00:00+00:00, run_after=2026-06-20 00:00:00+00:00
[2026-06-19T21:39:49.941+0000] {processor.py:208} INFO - Processing /opt/airflow/dags/ecommerce_etl_backup.py took 0.254 seconds
[2026-06-19T21:40:20.620+0000] {processor.py:186} INFO - Started process (PID=415) to work on /opt/airflow/dags/ecommerce_etl_backup.py
[2026-06-19T21:40:20.621+0000] {processor.py:914} INFO - Processing file /opt/airflow/dags/ecommerce_etl_backup.py for tasks to queue
[2026-06-19T21:40:20.624+0000] {logging_mixin.py:190} INFO - [2026-06-19T21:40:20.623+0000] {dagbag.py:587} INFO - Filling up the DagBag from /opt/airflow/dags/ecommerce_etl_backup.py
[2026-06-19T21:40:20.653+0000] {processor.py:925} INFO - DAG(s) 'ecommerce_etl' retrieved from /opt/airflow/dags/ecommerce_etl_backup.py
[2026-06-19T21:40:20.677+0000] {logging_mixin.py:190} INFO - [2026-06-19T21:40:20.676+0000] {dag.py:3211} INFO - Sync 1 DAGs
[2026-06-19T21:40:20.712+0000] {logging_mixin.py:190} INFO - [2026-06-19T21:40:20.712+0000] {dag.py:4138} INFO - Setting next_dagrun for ecommerce_etl to 2026-06-19 00:00:00+00:00, run_after=2026-06-20 00:00:00+00:00
[2026-06-19T21:40:20.782+0000] {processor.py:208} INFO - Processing /opt/airflow/dags/ecommerce_etl_backup.py took 0.171 seconds
[2026-06-19T21:40:51.159+0000] {processor.py:186} INFO - Started process (PID=425) to work on /opt/airflow/dags/ecommerce_etl_backup.py
[2026-06-19T21:40:51.160+0000] {processor.py:914} INFO - Processing file /opt/airflow/dags/ecommerce_etl_backup.py for tasks to queue
[2026-06-19T21:40:51.163+0000] {logging_mixin.py:190} INFO - [2026-06-19T21:40:51.162+0000] {dagbag.py:587} INFO - Filling up the DagBag from /opt/airflow/dags/ecommerce_etl_backup.py
[2026-06-19T21:40:51.192+0000] {processor.py:925} INFO - DAG(s) 'ecommerce_etl' retrieved from /opt/airflow/dags/ecommerce_etl_backup.py
[2026-06-19T21:40:51.374+0000] {logging_mixin.py:190} INFO - [2026-06-19T21:40:51.374+0000] {dag.py:3211} INFO - Sync 1 DAGs
[2026-06-19T21:40:51.660+0000] {logging_mixin.py:190} INFO - [2026-06-19T21:40:51.660+0000] {dag.py:4138} INFO - Setting next_dagrun for ecommerce_etl to 2026-06-19 00:00:00+00:00, run_after=2026-06-20 00:00:00+00:00
[2026-06-19T21:40:51.697+0000] {processor.py:208} INFO - Processing /opt/airflow/dags/ecommerce_etl_backup.py took 0.546 seconds
[2026-06-19T21:41:21.831+0000] {processor.py:186} INFO - Started process (PID=435) to work on /opt/airflow/dags/ecommerce_etl_backup.py
[2026-06-19T21:41:21.833+0000] {processor.py:914} INFO - Processing file /opt/airflow/dags/ecommerce_etl_backup.py for tasks to queue
[2026-06-19T21:41:21.838+0000] {logging_mixin.py:190} INFO - [2026-06-19T21:41:21.838+0000] {dagbag.py:587} INFO - Filling up the DagBag from /opt/airflow/dags/ecommerce_etl_backup.py
[2026-06-19T21:41:21.876+0000] {processor.py:925} INFO - DAG(s) 'ecommerce_etl' retrieved from /opt/airflow/dags/ecommerce_etl_backup.py
[2026-06-19T21:41:21.931+0000] {logging_mixin.py:190} INFO - [2026-06-19T21:41:21.931+0000] {dag.py:3211} INFO - Sync 1 DAGs
[2026-06-19T21:41:21.973+0000] {logging_mixin.py:190} INFO - [2026-06-19T21:41:21.973+0000] {dag.py:4138} INFO - Setting next_dagrun for ecommerce_etl to 2026-06-19 00:00:00+00:00, run_after=2026-06-20 00:00:00+00:00
[2026-06-19T21:41:22.076+0000] {processor.py:208} INFO - Processing /opt/airflow/dags/ecommerce_etl_backup.py took 0.258 seconds
[2026-06-19T21:41:52.464+0000] {processor.py:186} INFO - Started process (PID=445) to work on /opt/airflow/dags/ecommerce_etl_backup.py
[2026-06-19T21:41:52.466+0000] {processor.py:914} INFO - Processing file /opt/airflow/dags/ecommerce_etl_backup.py for tasks to queue
[2026-06-19T21:41:52.471+0000] {logging_mixin.py:190} INFO - [2026-06-19T21:41:52.470+0000] {dagbag.py:587} INFO - Filling up the DagBag from /opt/airflow/dags/ecommerce_etl_backup.py
[2026-06-19T21:41:52.507+0000] {processor.py:925} INFO - DAG(s) 'ecommerce_etl' retrieved from /opt/airflow/dags/ecommerce_etl_backup.py
[2026-06-19T21:41:52.533+0000] {logging_mixin.py:190} INFO - [2026-06-19T21:41:52.533+0000] {dag.py:3211} INFO - Sync 1 DAGs
[2026-06-19T21:41:52.577+0000] {logging_mixin.py:190} INFO - [2026-06-19T21:41:52.577+0000] {dag.py:4138} INFO - Setting next_dagrun for ecommerce_etl to 2026-06-19 00:00:00+00:00, run_after=2026-06-20 00:00:00+00:00
[2026-06-19T21:41:52.609+0000] {processor.py:208} INFO - Processing /opt/airflow/dags/ecommerce_etl_backup.py took 0.153 seconds
[2026-06-19T21:42:23.046+0000] {processor.py:186} INFO - Started process (PID=455) to work on /opt/airflow/dags/ecommerce_etl_backup.py
[2026-06-19T21:42:23.047+0000] {processor.py:914} INFO - Processing file /opt/airflow/dags/ecommerce_etl_backup.py for tasks to queue
[2026-06-19T21:42:23.051+0000] {logging_mixin.py:190} INFO - [2026-06-19T21:42:23.050+0000] {dagbag.py:587} INFO - Filling up the DagBag from /opt/airflow/dags/ecommerce_etl_backup.py
[2026-06-19T21:42:23.079+0000] {processor.py:925} INFO - DAG(s) 'ecommerce_etl' retrieved from /opt/airflow/dags/ecommerce_etl_backup.py
[2026-06-19T21:42:23.230+0000] {logging_mixin.py:190} INFO - [2026-06-19T21:42:23.229+0000] {dag.py:3211} INFO - Sync 1 DAGs
[2026-06-19T21:42:23.257+0000] {logging_mixin.py:190} INFO - [2026-06-19T21:42:23.257+0000] {dag.py:4138} INFO - Setting next_dagrun for ecommerce_etl to 2026-06-19 00:00:00+00:00, run_after=2026-06-20 00:00:00+00:00
[2026-06-19T21:42:23.290+0000] {processor.py:208} INFO - Processing /opt/airflow/dags/ecommerce_etl_backup.py took 0.251 seconds
[2026-06-19T21:42:53.687+0000] {processor.py:186} INFO - Started process (PID=485) to work on /opt/airflow/dags/ecommerce_etl_backup.py
[2026-06-19T21:42:53.689+0000] {processor.py:914} INFO - Processing file /opt/airflow/dags/ecommerce_etl_backup.py for tasks to queue
[2026-06-19T21:42:53.692+0000] {logging_mixin.py:190} INFO - [2026-06-19T21:42:53.692+0000] {dagbag.py:587} INFO - Filling up the DagBag from /opt/airflow/dags/ecommerce_etl_backup.py
[2026-06-19T21:42:53.724+0000] {processor.py:925} INFO - DAG(s) 'ecommerce_etl' retrieved from /opt/airflow/dags/ecommerce_etl_backup.py
[2026-06-19T21:42:53.760+0000] {logging_mixin.py:190} INFO - [2026-06-19T21:42:53.760+0000] {dag.py:3211} INFO - Sync 1 DAGs
[2026-06-19T21:42:53.793+0000] {logging_mixin.py:190} INFO - [2026-06-19T21:42:53.793+0000] {dag.py:4138} INFO - Setting next_dagrun for ecommerce_etl to 2026-06-19 00:00:00+00:00, run_after=2026-06-20 00:00:00+00:00
[2026-06-19T21:42:53.814+0000] {processor.py:208} INFO - Processing /opt/airflow/dags/ecommerce_etl_backup.py took 0.134 seconds
[2026-06-19T21:43:24.217+0000] {processor.py:186} INFO - Started process (PID=495) to work on /opt/airflow/dags/ecommerce_etl_backup.py
[2026-06-19T21:43:24.219+0000] {processor.py:914} INFO - Processing file /opt/airflow/dags/ecommerce_etl_backup.py for tasks to queue
[2026-06-19T21:43:24.222+0000] {logging_mixin.py:190} INFO - [2026-06-19T21:43:24.222+0000] {dagbag.py:587} INFO - Filling up the DagBag from /opt/airflow/dags/ecommerce_etl_backup.py
[2026-06-19T21:43:24.255+0000] {processor.py:925} INFO - DAG(s) 'ecommerce_etl' retrieved from /opt/airflow/dags/ecommerce_etl_backup.py
[2026-06-19T21:43:24.284+0000] {logging_mixin.py:190} INFO - [2026-06-19T21:43:24.283+0000] {dag.py:3211} INFO - Sync 1 DAGs
[2026-06-19T21:43:24.322+0000] {logging_mixin.py:190} INFO - [2026-06-19T21:43:24.322+0000] {dag.py:4138} INFO - Setting next_dagrun for ecommerce_etl to 2026-06-19 00:00:00+00:00, run_after=2026-06-20 00:00:00+00:00
[2026-06-19T21:43:24.401+0000] {processor.py:208} INFO - Processing /opt/airflow/dags/ecommerce_etl_backup.py took 0.192 seconds
[2026-06-19T21:43:54.804+0000] {processor.py:186} INFO - Started process (PID=505) to work on /opt/airflow/dags/ecommerce_etl_backup.py
[2026-06-19T21:43:54.805+0000] {processor.py:914} INFO - Processing file /opt/airflow/dags/ecommerce_etl_backup.py for tasks to queue
[2026-06-19T21:43:54.809+0000] {logging_mixin.py:190} INFO - [2026-06-19T21:43:54.808+0000] {dagbag.py:587} INFO - Filling up the DagBag from /opt/airflow/dags/ecommerce_etl_backup.py
[2026-06-19T21:43:54.842+0000] {processor.py:925} INFO - DAG(s) 'ecommerce_etl' retrieved from /opt/airflow/dags/ecommerce_etl_backup.py
[2026-06-19T21:43:55.211+0000] {logging_mixin.py:190} INFO - [2026-06-19T21:43:55.211+0000] {dag.py:3211} INFO - Sync 1 DAGs
[2026-06-19T21:43:55.240+0000] {logging_mixin.py:190} INFO - [2026-06-19T21:43:55.240+0000] {dag.py:4138} INFO - Setting next_dagrun for ecommerce_etl to 2026-06-19 00:00:00+00:00, run_after=2026-06-20 00:00:00+00:00
[2026-06-19T21:43:55.283+0000] {processor.py:208} INFO - Processing /opt/airflow/dags/ecommerce_etl_backup.py took 0.486 seconds
[2026-06-19T21:44:26.156+0000] {processor.py:186} INFO - Started process (PID=515) to work on /opt/airflow/dags/ecommerce_etl_backup.py
[2026-06-19T21:44:26.158+0000] {processor.py:914} INFO - Processing file /opt/airflow/dags/ecommerce_etl_backup.py for tasks to queue
[2026-06-19T21:44:26.162+0000] {logging_mixin.py:190} INFO - [2026-06-19T21:44:26.161+0000] {dagbag.py:587} INFO - Filling up the DagBag from /opt/airflow/dags/ecommerce_etl_backup.py
[2026-06-19T21:44:26.205+0000] {processor.py:925} INFO - DAG(s) 'ecommerce_etl' retrieved from /opt/airflow/dags/ecommerce_etl_backup.py
[2026-06-19T21:44:26.255+0000] {logging_mixin.py:190} INFO - [2026-06-19T21:44:26.254+0000] {dag.py:3211} INFO - Sync 1 DAGs
[2026-06-19T21:44:26.295+0000] {logging_mixin.py:190} INFO - [2026-06-19T21:44:26.295+0000] {dag.py:4138} INFO - Setting next_dagrun for ecommerce_etl to 2026-06-19 00:00:00+00:00, run_after=2026-06-20 00:00:00+00:00
[2026-06-19T21:44:26.327+0000] {processor.py:208} INFO - Processing /opt/airflow/dags/ecommerce_etl_backup.py took 0.182 seconds
[2026-06-19T21:44:56.896+0000] {processor.py:186} INFO - Started process (PID=525) to work on /opt/airflow/dags/ecommerce_etl_backup.py
[2026-06-19T21:44:56.898+0000] {processor.py:914} INFO - Processing file /opt/airflow/dags/ecommerce_etl_backup.py for tasks to queue
[2026-06-19T21:44:56.903+0000] {logging_mixin.py:190} INFO - [2026-06-19T21:44:56.902+0000] {dagbag.py:587} INFO - Filling up the DagBag from /opt/airflow/dags/ecommerce_etl_backup.py
[2026-06-19T21:44:56.939+0000] {processor.py:925} INFO - DAG(s) 'ecommerce_etl' retrieved from /opt/airflow/dags/ecommerce_etl_backup.py
[2026-06-19T21:44:56.963+0000] {logging_mixin.py:190} INFO - [2026-06-19T21:44:56.963+0000] {dag.py:3211} INFO - Sync 1 DAGs
[2026-06-19T21:44:56.999+0000] {logging_mixin.py:190} INFO - [2026-06-19T21:44:56.998+0000] {dag.py:4138} INFO - Setting next_dagrun for ecommerce_etl to 2026-06-19 00:00:00+00:00, run_after=2026-06-20 00:00:00+00:00
[2026-06-19T21:44:57.034+0000] {processor.py:208} INFO - Processing /opt/airflow/dags/ecommerce_etl_backup.py took 0.147 seconds
[2026-06-19T21:45:27.526+0000] {processor.py:186} INFO - Started process (PID=535) to work on /opt/airflow/dags/ecommerce_etl_backup.py
[2026-06-19T21:45:27.528+0000] {processor.py:914} INFO - Processing file /opt/airflow/dags/ecommerce_etl_backup.py for tasks to queue
[2026-06-19T21:45:27.535+0000] {logging_mixin.py:190} INFO - [2026-06-19T21:45:27.534+0000] {dagbag.py:587} INFO - Filling up the DagBag from /opt/airflow/dags/ecommerce_etl_backup.py
[2026-06-19T21:45:27.582+0000] {processor.py:925} INFO - DAG(s) 'ecommerce_etl' retrieved from /opt/airflow/dags/ecommerce_etl_backup.py
[2026-06-19T21:45:27.826+0000] {logging_mixin.py:190} INFO - [2026-06-19T21:45:27.826+0000] {dag.py:3211} INFO - Sync 1 DAGs
[2026-06-19T21:45:27.881+0000] {logging_mixin.py:190} INFO - [2026-06-19T21:45:27.881+0000] {dag.py:4138} INFO - Setting next_dagrun for ecommerce_etl to 2026-06-19 00:00:00+00:00, run_after=2026-06-20 00:00:00+00:00
[2026-06-19T21:45:27.992+0000] {processor.py:208} INFO - Processing /opt/airflow/dags/ecommerce_etl_backup.py took 0.480 seconds
[2026-06-19T21:45:58.269+0000] {processor.py:186} INFO - Started process (PID=545) to work on /opt/airflow/dags/ecommerce_etl_backup.py
[2026-06-19T21:45:58.271+0000] {processor.py:914} INFO - Processing file /opt/airflow/dags/ecommerce_etl_backup.py for tasks to queue
[2026-06-19T21:45:58.275+0000] {logging_mixin.py:190} INFO - [2026-06-19T21:45:58.275+0000] {dagbag.py:587} INFO - Filling up the DagBag from /opt/airflow/dags/ecommerce_etl_backup.py
[2026-06-19T21:45:58.308+0000] {processor.py:925} INFO - DAG(s) 'ecommerce_etl' retrieved from /opt/airflow/dags/ecommerce_etl_backup.py
[2026-06-19T21:45:58.352+0000] {logging_mixin.py:190} INFO - [2026-06-19T21:45:58.351+0000] {dag.py:3211} INFO - Sync 1 DAGs
[2026-06-19T21:45:58.391+0000] {logging_mixin.py:190} INFO - [2026-06-19T21:45:58.390+0000] {dag.py:4138} INFO - Setting next_dagrun for ecommerce_etl to 2026-06-19 00:00:00+00:00, run_after=2026-06-20 00:00:00+00:00
[2026-06-19T21:45:58.415+0000] {processor.py:208} INFO - Processing /opt/airflow/dags/ecommerce_etl_backup.py took 0.153 seconds
[2026-06-19T21:46:28.638+0000] {processor.py:186} INFO - Started process (PID=560) to work on /opt/airflow/dags/ecommerce_etl_backup.py
[2026-06-19T21:46:28.639+0000] {processor.py:914} INFO - Processing file /opt/airflow/dags/ecommerce_etl_backup.py for tasks to queue
[2026-06-19T21:46:28.644+0000] {logging_mixin.py:190} INFO - [2026-06-19T21:46:28.643+0000] {dagbag.py:587} INFO - Filling up the DagBag from /opt/airflow/dags/ecommerce_etl_backup.py
[2026-06-19T21:46:28.670+0000] {processor.py:925} INFO - DAG(s) 'ecommerce_etl' retrieved from /opt/airflow/dags/ecommerce_etl_backup.py
[2026-06-19T21:46:28.690+0000] {logging_mixin.py:190} INFO - [2026-06-19T21:46:28.690+0000] {dag.py:3211} INFO - Sync 1 DAGs
[2026-06-19T21:46:28.725+0000] {logging_mixin.py:190} INFO - [2026-06-19T21:46:28.724+0000] {dag.py:4138} INFO - Setting next_dagrun for ecommerce_etl to 2026-06-19 00:00:00+00:00, run_after=2026-06-20 00:00:00+00:00
[2026-06-19T21:46:28.775+0000] {processor.py:208} INFO - Processing /opt/airflow/dags/ecommerce_etl_backup.py took 0.145 seconds
[2026-06-19T21:46:59.431+0000] {processor.py:186} INFO - Started process (PID=575) to work on /opt/airflow/dags/ecommerce_etl_backup.py
[2026-06-19T21:46:59.432+0000] {processor.py:914} INFO - Processing file /opt/airflow/dags/ecommerce_etl_backup.py for tasks to queue
[2026-06-19T21:46:59.436+0000] {logging_mixin.py:190} INFO - [2026-06-19T21:46:59.435+0000] {dagbag.py:587} INFO - Filling up the DagBag from /opt/airflow/dags/ecommerce_etl_backup.py
[2026-06-19T21:46:59.464+0000] {processor.py:925} INFO - DAG(s) 'ecommerce_etl' retrieved from /opt/airflow/dags/ecommerce_etl_backup.py
[2026-06-19T21:46:59.488+0000] {logging_mixin.py:190} INFO - [2026-06-19T21:46:59.487+0000] {dag.py:3211} INFO - Sync 1 DAGs
[2026-06-19T21:46:59.521+0000] {logging_mixin.py:190} INFO - [2026-06-19T21:46:59.521+0000] {dag.py:4138} INFO - Setting next_dagrun for ecommerce_etl to 2026-06-19 00:00:00+00:00, run_after=2026-06-20 00:00:00+00:00
[2026-06-19T21:46:59.586+0000] {processor.py:208} INFO - Processing /opt/airflow/dags/ecommerce_etl_backup.py took 0.163 seconds
[2026-06-19T21:47:30.037+0000] {processor.py:186} INFO - Started process (PID=590) to work on /opt/airflow/dags/ecommerce_etl_backup.py
[2026-06-19T21:47:30.038+0000] {processor.py:914} INFO - Processing file /opt/airflow/dags/ecommerce_etl_backup.py for tasks to queue
[2026-06-19T21:47:30.041+0000] {logging_mixin.py:190} INFO - [2026-06-19T21:47:30.041+0000] {dagbag.py:587} INFO - Filling up the DagBag from /opt/airflow/dags/ecommerce_etl_backup.py
[2026-06-19T21:47:30.073+0000] {processor.py:925} INFO - DAG(s) 'ecommerce_etl' retrieved from /opt/airflow/dags/ecommerce_etl_backup.py
[2026-06-19T21:47:30.250+0000] {logging_mixin.py:190} INFO - [2026-06-19T21:47:30.250+0000] {dag.py:3211} INFO - Sync 1 DAGs
[2026-06-19T21:47:30.294+0000] {logging_mixin.py:190} INFO - [2026-06-19T21:47:30.294+0000] {dag.py:4138} INFO - Setting next_dagrun for ecommerce_etl to 2026-06-19 00:00:00+00:00, run_after=2026-06-20 00:00:00+00:00
[2026-06-19T21:47:30.381+0000] {processor.py:208} INFO - Processing /opt/airflow/dags/ecommerce_etl_backup.py took 0.354 seconds
[2026-06-19T21:48:00.891+0000] {processor.py:186} INFO - Started process (PID=605) to work on /opt/airflow/dags/ecommerce_etl_backup.py
[2026-06-19T21:48:00.893+0000] {processor.py:914} INFO - Processing file /opt/airflow/dags/ecommerce_etl_backup.py for tasks to queue
[2026-06-19T21:48:00.899+0000] {logging_mixin.py:190} INFO - [2026-06-19T21:48:00.898+0000] {dagbag.py:587} INFO - Filling up the DagBag from /opt/airflow/dags/ecommerce_etl_backup.py
[2026-06-19T21:48:00.989+0000] {processor.py:925} INFO - DAG(s) 'ecommerce_etl' retrieved from /opt/airflow/dags/ecommerce_etl_backup.py
[2026-06-19T21:48:01.059+0000] {logging_mixin.py:190} INFO - [2026-06-19T21:48:01.059+0000] {dag.py:3211} INFO - Sync 1 DAGs
[2026-06-19T21:48:01.093+0000] {logging_mixin.py:190} INFO - [2026-06-19T21:48:01.093+0000] {dag.py:4138} INFO - Setting next_dagrun for ecommerce_etl to 2026-06-19 00:00:00+00:00, run_after=2026-06-20 00:00:00+00:00
[2026-06-19T21:48:01.118+0000] {processor.py:208} INFO - Processing /opt/airflow/dags/ecommerce_etl_backup.py took 0.255 seconds
[2026-06-19T21:48:31.535+0000] {processor.py:186} INFO - Started process (PID=620) to work on /opt/airflow/dags/ecommerce_etl_backup.py
[2026-06-19T21:48:31.536+0000] {processor.py:914} INFO - Processing file /opt/airflow/dags/ecommerce_etl_backup.py for tasks to queue
[2026-06-19T21:48:31.540+0000] {logging_mixin.py:190} INFO - [2026-06-19T21:48:31.539+0000] {dagbag.py:587} INFO - Filling up the DagBag from /opt/airflow/dags/ecommerce_etl_backup.py
[2026-06-19T21:48:31.577+0000] {processor.py:925} INFO - DAG(s) 'ecommerce_etl' retrieved from /opt/airflow/dags/ecommerce_etl_backup.py
[2026-06-19T21:48:31.599+0000] {logging_mixin.py:190} INFO - [2026-06-19T21:48:31.599+0000] {dag.py:3211} INFO - Sync 1 DAGs
[2026-06-19T21:48:31.631+0000] {logging_mixin.py:190} INFO - [2026-06-19T21:48:31.631+0000] {dag.py:4138} INFO - Setting next_dagrun for ecommerce_etl to 2026-06-19 00:00:00+00:00, run_after=2026-06-20 00:00:00+00:00
[2026-06-19T21:48:31.696+0000] {processor.py:208} INFO - Processing /opt/airflow/dags/ecommerce_etl_backup.py took 0.169 seconds
[2026-06-19T21:49:01.775+0000] {processor.py:186} INFO - Started process (PID=640) to work on /opt/airflow/dags/ecommerce_etl_backup.py
[2026-06-19T21:49:01.776+0000] {processor.py:914} INFO - Processing file /opt/airflow/dags/ecommerce_etl_backup.py for tasks to queue
[2026-06-19T21:49:01.779+0000] {logging_mixin.py:190} INFO - [2026-06-19T21:49:01.779+0000] {dagbag.py:587} INFO - Filling up the DagBag from /opt/airflow/dags/ecommerce_etl_backup.py
[2026-06-19T21:49:01.806+0000] {processor.py:925} INFO - DAG(s) 'ecommerce_etl' retrieved from /opt/airflow/dags/ecommerce_etl_backup.py
[2026-06-19T21:49:01.828+0000] {logging_mixin.py:190} INFO - [2026-06-19T21:49:01.827+0000] {dag.py:3211} INFO - Sync 1 DAGs
[2026-06-19T21:49:01.866+0000] {logging_mixin.py:190} INFO - [2026-06-19T21:49:01.866+0000] {dag.py:4138} INFO - Setting next_dagrun for ecommerce_etl to 2026-06-19 00:00:00+00:00, run_after=2026-06-20 00:00:00+00:00
[2026-06-19T21:49:01.911+0000] {processor.py:208} INFO - Processing /opt/airflow/dags/ecommerce_etl_backup.py took 0.144 seconds
[2026-06-19T21:49:40.107+0000] {processor.py:186} INFO - Started process (PID=167) to work on /opt/airflow/dags/ecommerce_etl_backup.py
[2026-06-19T21:49:40.109+0000] {processor.py:914} INFO - Processing file /opt/airflow/dags/ecommerce_etl_backup.py for tasks to queue
[2026-06-19T21:49:40.112+0000] {logging_mixin.py:190} INFO - [2026-06-19T21:49:40.111+0000] {dagbag.py:587} INFO - Filling up the DagBag from /opt/airflow/dags/ecommerce_etl_backup.py
[2026-06-19T21:49:40.151+0000] {processor.py:925} INFO - DAG(s) 'ecommerce_etl' retrieved from /opt/airflow/dags/ecommerce_etl_backup.py
[2026-06-19T21:49:40.345+0000] {logging_mixin.py:190} INFO - [2026-06-19T21:49:40.345+0000] {dag.py:3211} INFO - Sync 1 DAGs
[2026-06-19T21:49:40.379+0000] {logging_mixin.py:190} INFO - [2026-06-19T21:49:40.378+0000] {dag.py:4138} INFO - Setting next_dagrun for ecommerce_etl to 2026-06-19 00:00:00+00:00, run_after=2026-06-20 00:00:00+00:00
[2026-06-19T21:49:40.448+0000] {processor.py:208} INFO - Processing /opt/airflow/dags/ecommerce_etl_backup.py took 0.353 seconds
[2026-06-19T21:50:10.928+0000] {processor.py:186} INFO - Started process (PID=182) to work on /opt/airflow/dags/ecommerce_etl_backup.py
[2026-06-19T21:50:10.930+0000] {processor.py:914} INFO - Processing file /opt/airflow/dags/ecommerce_etl_backup.py for tasks to queue
[2026-06-19T21:50:10.935+0000] {logging_mixin.py:190} INFO - [2026-06-19T21:50:10.935+0000] {dagbag.py:587} INFO - Filling up the DagBag from /opt/airflow/dags/ecommerce_etl_backup.py
[2026-06-19T21:50:10.998+0000] {processor.py:925} INFO - DAG(s) 'ecommerce_etl' retrieved from /opt/airflow/dags/ecommerce_etl_backup.py
[2026-06-19T21:50:11.160+0000] {logging_mixin.py:190} INFO - [2026-06-19T21:50:11.160+0000] {dag.py:3211} INFO - Sync 1 DAGs
[2026-06-19T21:50:11.189+0000] {logging_mixin.py:190} INFO - [2026-06-19T21:50:11.189+0000] {dag.py:4138} INFO - Setting next_dagrun for ecommerce_etl to 2026-06-19 00:00:00+00:00, run_after=2026-06-20 00:00:00+00:00
[2026-06-19T21:50:11.215+0000] {processor.py:208} INFO - Processing /opt/airflow/dags/ecommerce_etl_backup.py took 0.303 seconds
[2026-06-19T21:50:41.622+0000] {processor.py:186} INFO - Started process (PID=197) to work on /opt/airflow/dags/ecommerce_etl_backup.py
[2026-06-19T21:50:41.623+0000] {processor.py:914} INFO - Processing file /opt/airflow/dags/ecommerce_etl_backup.py for tasks to queue
[2026-06-19T21:50:41.627+0000] {logging_mixin.py:190} INFO - [2026-06-19T21:50:41.626+0000] {dagbag.py:587} INFO - Filling up the DagBag from /opt/airflow/dags/ecommerce_etl_backup.py
[2026-06-19T21:50:41.664+0000] {processor.py:925} INFO - DAG(s) 'ecommerce_etl' retrieved from /opt/airflow/dags/ecommerce_etl_backup.py
[2026-06-19T21:50:41.708+0000] {logging_mixin.py:190} INFO - [2026-06-19T21:50:41.708+0000] {dag.py:3211} INFO - Sync 1 DAGs
[2026-06-19T21:50:41.742+0000] {logging_mixin.py:190} INFO - [2026-06-19T21:50:41.742+0000] {dag.py:4138} INFO - Setting next_dagrun for ecommerce_etl to 2026-06-19 00:00:00+00:00, run_after=2026-06-20 00:00:00+00:00
[2026-06-19T21:50:41.815+0000] {processor.py:208} INFO - Processing /opt/airflow/dags/ecommerce_etl_backup.py took 0.201 seconds
[2026-06-19T21:51:12.403+0000] {processor.py:186} INFO - Started process (PID=212) to work on /opt/airflow/dags/ecommerce_etl_backup.py
[2026-06-19T21:51:12.405+0000] {processor.py:914} INFO - Processing file /opt/airflow/dags/ecommerce_etl_backup.py for tasks to queue
[2026-06-19T21:51:12.414+0000] {logging_mixin.py:190} INFO - [2026-06-19T21:51:12.412+0000] {dagbag.py:587} INFO - Filling up the DagBag from /opt/airflow/dags/ecommerce_etl_backup.py
[2026-06-19T21:51:12.500+0000] {processor.py:925} INFO - DAG(s) 'ecommerce_etl' retrieved from /opt/airflow/dags/ecommerce_etl_backup.py
[2026-06-19T21:51:12.701+0000] {logging_mixin.py:190} INFO - [2026-06-19T21:51:12.701+0000] {dag.py:3211} INFO - Sync 1 DAGs
[2026-06-19T21:51:12.733+0000] {logging_mixin.py:190} INFO - [2026-06-19T21:51:12.733+0000] {dag.py:4138} INFO - Setting next_dagrun for ecommerce_etl to 2026-06-19 00:00:00+00:00, run_after=2026-06-20 00:00:00+00:00
[2026-06-19T21:51:12.760+0000] {processor.py:208} INFO - Processing /opt/airflow/dags/ecommerce_etl_backup.py took 0.376 seconds
[2026-06-19T21:51:43.213+0000] {processor.py:186} INFO - Started process (PID=227) to work on /opt/airflow/dags/ecommerce_etl_backup.py
[2026-06-19T21:51:43.214+0000] {processor.py:914} INFO - Processing file /opt/airflow/dags/ecommerce_etl_backup.py for tasks to queue
[2026-06-19T21:51:43.219+0000] {logging_mixin.py:190} INFO - [2026-06-19T21:51:43.218+0000] {dagbag.py:587} INFO - Filling up the DagBag from /opt/airflow/dags/ecommerce_etl_backup.py
[2026-06-19T21:51:43.257+0000] {processor.py:925} INFO - DAG(s) 'ecommerce_etl' retrieved from /opt/airflow/dags/ecommerce_etl_backup.py
[2026-06-19T21:51:43.314+0000] {logging_mixin.py:190} INFO - [2026-06-19T21:51:43.313+0000] {dag.py:3211} INFO - Sync 1 DAGs
[2026-06-19T21:51:43.352+0000] {logging_mixin.py:190} INFO - [2026-06-19T21:51:43.351+0000] {dag.py:4138} INFO - Setting next_dagrun for ecommerce_etl to 2026-06-19 00:00:00+00:00, run_after=2026-06-20 00:00:00+00:00
[2026-06-19T21:51:43.424+0000] {processor.py:208} INFO - Processing /opt/airflow/dags/ecommerce_etl_backup.py took 0.218 seconds
[2026-06-19T21:52:13.929+0000] {processor.py:186} INFO - Started process (PID=242) to work on /opt/airflow/dags/ecommerce_etl_backup.py
[2026-06-19T21:52:13.930+0000] {processor.py:914} INFO - Processing file /opt/airflow/dags/ecommerce_etl_backup.py for tasks to queue
[2026-06-19T21:52:13.934+0000] {logging_mixin.py:190} INFO - [2026-06-19T21:52:13.933+0000] {dagbag.py:587} INFO - Filling up the DagBag from /opt/airflow/dags/ecommerce_etl_backup.py
[2026-06-19T21:52:13.972+0000] {processor.py:925} INFO - DAG(s) 'ecommerce_etl' retrieved from /opt/airflow/dags/ecommerce_etl_backup.py
[2026-06-19T21:52:14.132+0000] {logging_mixin.py:190} INFO - [2026-06-19T21:52:14.132+0000] {dag.py:3211} INFO - Sync 1 DAGs
[2026-06-19T21:52:14.159+0000] {logging_mixin.py:190} INFO - [2026-06-19T21:52:14.158+0000] {dag.py:4138} INFO - Setting next_dagrun for ecommerce_etl to 2026-06-19 00:00:00+00:00, run_after=2026-06-20 00:00:00+00:00
[2026-06-19T21:52:14.182+0000] {processor.py:208} INFO - Processing /opt/airflow/dags/ecommerce_etl_backup.py took 0.264 seconds
[2026-06-19T21:52:44.758+0000] {processor.py:186} INFO - Started process (PID=257) to work on /opt/airflow/dags/ecommerce_etl_backup.py
[2026-06-19T21:52:44.759+0000] {processor.py:914} INFO - Processing file /opt/airflow/dags/ecommerce_etl_backup.py for tasks to queue
[2026-06-19T21:52:44.763+0000] {logging_mixin.py:190} INFO - [2026-06-19T21:52:44.763+0000] {dagbag.py:587} INFO - Filling up the DagBag from /opt/airflow/dags/ecommerce_etl_backup.py
[2026-06-19T21:52:44.805+0000] {processor.py:925} INFO - DAG(s) 'ecommerce_etl' retrieved from /opt/airflow/dags/ecommerce_etl_backup.py
[2026-06-19T21:52:44.855+0000] {logging_mixin.py:190} INFO - [2026-06-19T21:52:44.854+0000] {dag.py:3211} INFO - Sync 1 DAGs
[2026-06-19T21:52:44.890+0000] {logging_mixin.py:190} INFO - [2026-06-19T21:52:44.890+0000] {dag.py:4138} INFO - Setting next_dagrun for ecommerce_etl to 2026-06-19 00:00:00+00:00, run_after=2026-06-20 00:00:00+00:00
[2026-06-19T21:52:44.958+0000] {processor.py:208} INFO - Processing /opt/airflow/dags/ecommerce_etl_backup.py took 0.211 seconds
[2026-06-19T21:53:15.462+0000] {processor.py:186} INFO - Started process (PID=272) to work on /opt/airflow/dags/ecommerce_etl_backup.py
[2026-06-19T21:53:15.464+0000] {processor.py:914} INFO - Processing file /opt/airflow/dags/ecommerce_etl_backup.py for tasks to queue
[2026-06-19T21:53:15.469+0000] {logging_mixin.py:190} INFO - [2026-06-19T21:53:15.468+0000] {dagbag.py:587} INFO - Filling up the DagBag from /opt/airflow/dags/ecommerce_etl_backup.py
[2026-06-19T21:53:15.500+0000] {processor.py:925} INFO - DAG(s) 'ecommerce_etl' retrieved from /opt/airflow/dags/ecommerce_etl_backup.py
[2026-06-19T21:53:15.845+0000] {logging_mixin.py:190} INFO - [2026-06-19T21:53:15.845+0000] {dag.py:3211} INFO - Sync 1 DAGs
[2026-06-19T21:53:15.897+0000] {logging_mixin.py:190} INFO - [2026-06-19T21:53:15.896+0000] {dag.py:4138} INFO - Setting next_dagrun for ecommerce_etl to 2026-06-19 00:00:00+00:00, run_after=2026-06-20 00:00:00+00:00
[2026-06-19T21:53:16.167+0000] {processor.py:208} INFO - Processing /opt/airflow/dags/ecommerce_etl_backup.py took 0.712 seconds
[2026-06-19T21:53:46.802+0000] {processor.py:186} INFO - Started process (PID=289) to work on /opt/airflow/dags/ecommerce_etl_backup.py
[2026-06-19T21:53:46.803+0000] {processor.py:914} INFO - Processing file /opt/airflow/dags/ecommerce_etl_backup.py for tasks to queue
[2026-06-19T21:53:46.806+0000] {logging_mixin.py:190} INFO - [2026-06-19T21:53:46.805+0000] {dagbag.py:587} INFO - Filling up the DagBag from /opt/airflow/dags/ecommerce_etl_backup.py
[2026-06-19T21:53:46.832+0000] {processor.py:925} INFO - DAG(s) 'ecommerce_etl' retrieved from /opt/airflow/dags/ecommerce_etl_backup.py
[2026-06-19T21:53:46.991+0000] {logging_mixin.py:190} INFO - [2026-06-19T21:53:46.991+0000] {dag.py:3211} INFO - Sync 1 DAGs
[2026-06-19T21:53:47.237+0000] {logging_mixin.py:190} INFO - [2026-06-19T21:53:47.236+0000] {dag.py:4138} INFO - Setting next_dagrun for ecommerce_etl to 2026-06-19 00:00:00+00:00, run_after=2026-06-20 00:00:00+00:00
[2026-06-19T21:53:47.271+0000] {processor.py:208} INFO - Processing /opt/airflow/dags/ecommerce_etl_backup.py took 0.477 seconds
[2026-06-19T21:54:17.462+0000] {processor.py:186} INFO - Started process (PID=313) to work on /opt/airflow/dags/ecommerce_etl_backup.py
[2026-06-19T21:54:17.465+0000] {processor.py:914} INFO - Processing file /opt/airflow/dags/ecommerce_etl_backup.py for tasks to queue
[2026-06-19T21:54:17.472+0000] {logging_mixin.py:190} INFO - [2026-06-19T21:54:17.470+0000] {dagbag.py:587} INFO - Filling up the DagBag from /opt/airflow/dags/ecommerce_etl_backup.py
[2026-06-19T21:54:17.543+0000] {processor.py:925} INFO - DAG(s) 'ecommerce_etl' retrieved from /opt/airflow/dags/ecommerce_etl_backup.py
[2026-06-19T21:54:17.622+0000] {logging_mixin.py:190} INFO - [2026-06-19T21:54:17.622+0000] {dag.py:3211} INFO - Sync 1 DAGs
[2026-06-19T21:54:17.681+0000] {logging_mixin.py:190} INFO - [2026-06-19T21:54:17.680+0000] {dag.py:4138} INFO - Setting next_dagrun for ecommerce_etl to 2026-06-19 00:00:00+00:00, run_after=2026-06-20 00:00:00+00:00
[2026-06-19T21:54:17.752+0000] {processor.py:208} INFO - Processing /opt/airflow/dags/ecommerce_etl_backup.py took 0.310 seconds
[2026-06-19T21:54:48.371+0000] {processor.py:186} INFO - Started process (PID=328) to work on /opt/airflow/dags/ecommerce_etl_backup.py
[2026-06-19T21:54:48.373+0000] {processor.py:914} INFO - Processing file /opt/airflow/dags/ecommerce_etl_backup.py for tasks to queue
[2026-06-19T21:54:48.376+0000] {logging_mixin.py:190} INFO - [2026-06-19T21:54:48.376+0000] {dagbag.py:587} INFO - Filling up the DagBag from /opt/airflow/dags/ecommerce_etl_backup.py
[2026-06-19T21:54:48.414+0000] {processor.py:925} INFO - DAG(s) 'ecommerce_etl' retrieved from /opt/airflow/dags/ecommerce_etl_backup.py
[2026-06-19T21:54:48.609+0000] {logging_mixin.py:190} INFO - [2026-06-19T21:54:48.609+0000] {dag.py:3211} INFO - Sync 1 DAGs
[2026-06-19T21:54:48.636+0000] {logging_mixin.py:190} INFO - [2026-06-19T21:54:48.636+0000] {dag.py:4138} INFO - Setting next_dagrun for ecommerce_etl to 2026-06-19 00:00:00+00:00, run_after=2026-06-20 00:00:00+00:00
[2026-06-19T21:54:48.658+0000] {processor.py:208} INFO - Processing /opt/airflow/dags/ecommerce_etl_backup.py took 0.295 seconds
[2026-06-19T21:55:19.142+0000] {processor.py:186} INFO - Started process (PID=343) to work on /opt/airflow/dags/ecommerce_etl_backup.py
[2026-06-19T21:55:19.143+0000] {processor.py:914} INFO - Processing file /opt/airflow/dags/ecommerce_etl_backup.py for tasks to queue
[2026-06-19T21:55:19.146+0000] {logging_mixin.py:190} INFO - [2026-06-19T21:55:19.145+0000] {dagbag.py:587} INFO - Filling up the DagBag from /opt/airflow/dags/ecommerce_etl_backup.py
[2026-06-19T21:55:19.180+0000] {processor.py:925} INFO - DAG(s) 'ecommerce_etl' retrieved from /opt/airflow/dags/ecommerce_etl_backup.py
[2026-06-19T21:55:19.235+0000] {logging_mixin.py:190} INFO - [2026-06-19T21:55:19.234+0000] {dag.py:3211} INFO - Sync 1 DAGs
[2026-06-19T21:55:19.282+0000] {logging_mixin.py:190} INFO - [2026-06-19T21:55:19.281+0000] {dag.py:4138} INFO - Setting next_dagrun for ecommerce_etl to 2026-06-19 00:00:00+00:00, run_after=2026-06-20 00:00:00+00:00
[2026-06-19T21:55:19.316+0000] {processor.py:208} INFO - Processing /opt/airflow/dags/ecommerce_etl_backup.py took 0.185 seconds
[2026-06-19T21:55:49.874+0000] {processor.py:186} INFO - Started process (PID=358) to work on /opt/airflow/dags/ecommerce_etl_backup.py
[2026-06-19T21:55:49.876+0000] {processor.py:914} INFO - Processing file /opt/airflow/dags/ecommerce_etl_backup.py for tasks to queue
[2026-06-19T21:55:49.879+0000] {logging_mixin.py:190} INFO - [2026-06-19T21:55:49.879+0000] {dagbag.py:587} INFO - Filling up the DagBag from /opt/airflow/dags/ecommerce_etl_backup.py
[2026-06-19T21:55:49.943+0000] {processor.py:925} INFO - DAG(s) 'ecommerce_etl' retrieved from /opt/airflow/dags/ecommerce_etl_backup.py
[2026-06-19T21:55:50.244+0000] {logging_mixin.py:190} INFO - [2026-06-19T21:55:50.243+0000] {dag.py:3211} INFO - Sync 1 DAGs
[2026-06-19T21:55:50.276+0000] {logging_mixin.py:190} INFO - [2026-06-19T21:55:50.275+0000] {dag.py:4138} INFO - Setting next_dagrun for ecommerce_etl to 2026-06-19 00:00:00+00:00, run_after=2026-06-20 00:00:00+00:00
[2026-06-19T21:55:50.504+0000] {processor.py:208} INFO - Processing /opt/airflow/dags/ecommerce_etl_backup.py took 0.642 seconds
[2026-06-19T21:56:20.752+0000] {processor.py:186} INFO - Started process (PID=373) to work on /opt/airflow/dags/ecommerce_etl_backup.py
[2026-06-19T21:56:20.754+0000] {processor.py:914} INFO - Processing file /opt/airflow/dags/ecommerce_etl_backup.py for tasks to queue
[2026-06-19T21:56:20.758+0000] {logging_mixin.py:190} INFO - [2026-06-19T21:56:20.757+0000] {dagbag.py:587} INFO - Filling up the DagBag from /opt/airflow/dags/ecommerce_etl_backup.py
[2026-06-19T21:56:20.790+0000] {processor.py:925} INFO - DAG(s) 'ecommerce_etl' retrieved from /opt/airflow/dags/ecommerce_etl_backup.py
[2026-06-19T21:56:20.845+0000] {logging_mixin.py:190} INFO - [2026-06-19T21:56:20.845+0000] {dag.py:3211} INFO - Sync 1 DAGs
[2026-06-19T21:56:20.899+0000] {logging_mixin.py:190} INFO - [2026-06-19T21:56:20.898+0000] {dag.py:4138} INFO - Setting next_dagrun for ecommerce_etl to 2026-06-19 00:00:00+00:00, run_after=2026-06-20 00:00:00+00:00
[2026-06-19T21:56:20.963+0000] {processor.py:208} INFO - Processing /opt/airflow/dags/ecommerce_etl_backup.py took 0.221 seconds
[2026-06-19T21:56:51.376+0000] {processor.py:186} INFO - Started process (PID=394) to work on /opt/airflow/dags/ecommerce_etl_backup.py
[2026-06-19T21:56:51.378+0000] {processor.py:914} INFO - Processing file /opt/airflow/dags/ecommerce_etl_backup.py for tasks to queue
[2026-06-19T21:56:51.381+0000] {logging_mixin.py:190} INFO - [2026-06-19T21:56:51.381+0000] {dagbag.py:587} INFO - Filling up the DagBag from /opt/airflow/dags/ecommerce_etl_backup.py
[2026-06-19T21:56:51.416+0000] {processor.py:925} INFO - DAG(s) 'ecommerce_etl' retrieved from /opt/airflow/dags/ecommerce_etl_backup.py
[2026-06-19T21:56:51.914+0000] {logging_mixin.py:190} INFO - [2026-06-19T21:56:51.913+0000] {dag.py:3211} INFO - Sync 1 DAGs
[2026-06-19T21:56:51.948+0000] {logging_mixin.py:190} INFO - [2026-06-19T21:56:51.948+0000] {dag.py:4138} INFO - Setting next_dagrun for ecommerce_etl to 2026-06-19 00:00:00+00:00, run_after=2026-06-20 00:00:00+00:00
[2026-06-19T21:56:51.973+0000] {processor.py:208} INFO - Processing /opt/airflow/dags/ecommerce_etl_backup.py took 0.607 seconds
[2026-06-19T21:57:22.412+0000] {processor.py:186} INFO - Started process (PID=409) to work on /opt/airflow/dags/ecommerce_etl_backup.py
[2026-06-19T21:57:22.414+0000] {processor.py:914} INFO - Processing file /opt/airflow/dags/ecommerce_etl_backup.py for tasks to queue
[2026-06-19T21:57:22.417+0000] {logging_mixin.py:190} INFO - [2026-06-19T21:57:22.417+0000] {dagbag.py:587} INFO - Filling up the DagBag from /opt/airflow/dags/ecommerce_etl_backup.py
[2026-06-19T21:57:22.450+0000] {processor.py:925} INFO - DAG(s) 'ecommerce_etl' retrieved from /opt/airflow/dags/ecommerce_etl_backup.py
[2026-06-19T21:57:22.540+0000] {logging_mixin.py:190} INFO - [2026-06-19T21:57:22.540+0000] {dag.py:3211} INFO - Sync 1 DAGs
[2026-06-19T21:57:22.595+0000] {logging_mixin.py:190} INFO - [2026-06-19T21:57:22.594+0000] {dag.py:4138} INFO - Setting next_dagrun for ecommerce_etl to 2026-06-19 00:00:00+00:00, run_after=2026-06-20 00:00:00+00:00
[2026-06-19T21:57:22.676+0000] {processor.py:208} INFO - Processing /opt/airflow/dags/ecommerce_etl_backup.py took 0.272 seconds
[2026-06-19T21:57:53.195+0000] {processor.py:186} INFO - Started process (PID=424) to work on /opt/airflow/dags/ecommerce_etl_backup.py
[2026-06-19T21:57:53.197+0000] {processor.py:914} INFO - Processing file /opt/airflow/dags/ecommerce_etl_backup.py for tasks to queue
[2026-06-19T21:57:53.200+0000] {logging_mixin.py:190} INFO - [2026-06-19T21:57:53.200+0000] {dagbag.py:587} INFO - Filling up the DagBag from /opt/airflow/dags/ecommerce_etl_backup.py
[2026-06-19T21:57:53.232+0000] {processor.py:925} INFO - DAG(s) 'ecommerce_etl' retrieved from /opt/airflow/dags/ecommerce_etl_backup.py
[2026-06-19T21:57:53.444+0000] {logging_mixin.py:190} INFO - [2026-06-19T21:57:53.444+0000] {dag.py:3211} INFO - Sync 1 DAGs
[2026-06-19T21:57:53.473+0000] {logging_mixin.py:190} INFO - [2026-06-19T21:57:53.473+0000] {dag.py:4138} INFO - Setting next_dagrun for ecommerce_etl to 2026-06-19 00:00:00+00:00, run_after=2026-06-20 00:00:00+00:00
[2026-06-19T21:57:53.498+0000] {processor.py:208} INFO - Processing /opt/airflow/dags/ecommerce_etl_backup.py took 0.314 seconds
[2026-06-19T21:58:23.971+0000] {processor.py:186} INFO - Started process (PID=446) to work on /opt/airflow/dags/ecommerce_etl_backup.py
[2026-06-19T21:58:23.973+0000] {processor.py:914} INFO - Processing file /opt/airflow/dags/ecommerce_etl_backup.py for tasks to queue
[2026-06-19T21:58:23.976+0000] {logging_mixin.py:190} INFO - [2026-06-19T21:58:23.976+0000] {dagbag.py:587} INFO - Filling up the DagBag from /opt/airflow/dags/ecommerce_etl_backup.py
[2026-06-19T21:58:24.016+0000] {processor.py:925} INFO - DAG(s) 'ecommerce_etl' retrieved from /opt/airflow/dags/ecommerce_etl_backup.py
[2026-06-19T21:58:24.064+0000] {logging_mixin.py:190} INFO - [2026-06-19T21:58:24.063+0000] {dag.py:3211} INFO - Sync 1 DAGs
[2026-06-19T21:58:24.107+0000] {logging_mixin.py:190} INFO - [2026-06-19T21:58:24.107+0000] {dag.py:4138} INFO - Setting next_dagrun for ecommerce_etl to 2026-06-19 00:00:00+00:00, run_after=2026-06-20 00:00:00+00:00
[2026-06-19T21:58:24.219+0000] {processor.py:208} INFO - Processing /opt/airflow/dags/ecommerce_etl_backup.py took 0.260 seconds
[2026-06-19T21:58:54.632+0000] {processor.py:186} INFO - Started process (PID=461) to work on /opt/airflow/dags/ecommerce_etl_backup.py
[2026-06-19T21:58:54.634+0000] {processor.py:914} INFO - Processing file /opt/airflow/dags/ecommerce_etl_backup.py for tasks to queue
[2026-06-19T21:58:54.637+0000] {logging_mixin.py:190} INFO - [2026-06-19T21:58:54.637+0000] {dagbag.py:587} INFO - Filling up the DagBag from /opt/airflow/dags/ecommerce_etl_backup.py
[2026-06-19T21:58:54.665+0000] {processor.py:925} INFO - DAG(s) 'ecommerce_etl' retrieved from /opt/airflow/dags/ecommerce_etl_backup.py
[2026-06-19T21:58:54.808+0000] {logging_mixin.py:190} INFO - [2026-06-19T21:58:54.807+0000] {dag.py:3211} INFO - Sync 1 DAGs
[2026-06-19T21:58:55.088+0000] {logging_mixin.py:190} INFO - [2026-06-19T21:58:55.088+0000] {dag.py:4138} INFO - Setting next_dagrun for ecommerce_etl to 2026-06-19 00:00:00+00:00, run_after=2026-06-20 00:00:00+00:00
[2026-06-19T21:58:55.113+0000] {processor.py:208} INFO - Processing /opt/airflow/dags/ecommerce_etl_backup.py took 0.489 seconds
