[2026-06-19T21:46:16.200+0000] {processor.py:186} INFO - Started process (PID=555) to work on /opt/airflow/dags/ecommerce_etl_v1_working.py
[2026-06-19T21:46:16.201+0000] {processor.py:914} INFO - Processing file /opt/airflow/dags/ecommerce_etl_v1_working.py for tasks to queue
[2026-06-19T21:46:16.204+0000] {logging_mixin.py:190} INFO - [2026-06-19T21:46:16.204+0000] {dagbag.py:587} INFO - Filling up the DagBag from /opt/airflow/dags/ecommerce_etl_v1_working.py
[2026-06-19T21:46:16.244+0000] {processor.py:925} INFO - DAG(s) 'ecommerce_etl' retrieved from /opt/airflow/dags/ecommerce_etl_v1_working.py
[2026-06-19T21:46:16.289+0000] {logging_mixin.py:190} INFO - [2026-06-19T21:46:16.289+0000] {dag.py:3211} INFO - Sync 1 DAGs
[2026-06-19T21:46:16.326+0000] {logging_mixin.py:190} INFO - [2026-06-19T21:46:16.326+0000] {dag.py:4138} INFO - Setting next_dagrun for ecommerce_etl to 2026-06-19 00:00:00+00:00, run_after=2026-06-20 00:00:00+00:00
[2026-06-19T21:46:16.358+0000] {processor.py:208} INFO - Processing /opt/airflow/dags/ecommerce_etl_v1_working.py took 0.166 seconds
[2026-06-19T21:46:47.065+0000] {processor.py:186} INFO - Started process (PID=570) to work on /opt/airflow/dags/ecommerce_etl_v1_working.py
[2026-06-19T21:46:47.067+0000] {processor.py:914} INFO - Processing file /opt/airflow/dags/ecommerce_etl_v1_working.py for tasks to queue
[2026-06-19T21:46:47.072+0000] {logging_mixin.py:190} INFO - [2026-06-19T21:46:47.071+0000] {dagbag.py:587} INFO - Filling up the DagBag from /opt/airflow/dags/ecommerce_etl_v1_working.py
[2026-06-19T21:46:47.112+0000] {processor.py:925} INFO - DAG(s) 'ecommerce_etl' retrieved from /opt/airflow/dags/ecommerce_etl_v1_working.py
[2026-06-19T21:46:47.498+0000] {logging_mixin.py:190} INFO - [2026-06-19T21:46:47.498+0000] {dag.py:3211} INFO - Sync 1 DAGs
[2026-06-19T21:46:47.534+0000] {logging_mixin.py:190} INFO - [2026-06-19T21:46:47.534+0000] {dag.py:4138} INFO - Setting next_dagrun for ecommerce_etl to 2026-06-19 00:00:00+00:00, run_after=2026-06-20 00:00:00+00:00
[2026-06-19T21:46:47.600+0000] {processor.py:208} INFO - Processing /opt/airflow/dags/ecommerce_etl_v1_working.py took 0.551 seconds
[2026-06-19T21:47:17.849+0000] {processor.py:186} INFO - Started process (PID=585) to work on /opt/airflow/dags/ecommerce_etl_v1_working.py
[2026-06-19T21:47:17.850+0000] {processor.py:914} INFO - Processing file /opt/airflow/dags/ecommerce_etl_v1_working.py for tasks to queue
[2026-06-19T21:47:17.854+0000] {logging_mixin.py:190} INFO - [2026-06-19T21:47:17.853+0000] {dagbag.py:587} INFO - Filling up the DagBag from /opt/airflow/dags/ecommerce_etl_v1_working.py
[2026-06-19T21:47:17.889+0000] {processor.py:925} INFO - DAG(s) 'ecommerce_etl' retrieved from /opt/airflow/dags/ecommerce_etl_v1_working.py
[2026-06-19T21:47:17.938+0000] {logging_mixin.py:190} INFO - [2026-06-19T21:47:17.938+0000] {dag.py:3211} INFO - Sync 1 DAGs
[2026-06-19T21:47:17.973+0000] {logging_mixin.py:190} INFO - [2026-06-19T21:47:17.973+0000] {dag.py:4138} INFO - Setting next_dagrun for ecommerce_etl to 2026-06-19 00:00:00+00:00, run_after=2026-06-20 00:00:00+00:00
[2026-06-19T21:47:18.038+0000] {processor.py:208} INFO - Processing /opt/airflow/dags/ecommerce_etl_v1_working.py took 0.196 seconds
[2026-06-19T21:47:48.644+0000] {processor.py:186} INFO - Started process (PID=600) to work on /opt/airflow/dags/ecommerce_etl_v1_working.py
[2026-06-19T21:47:48.645+0000] {processor.py:914} INFO - Processing file /opt/airflow/dags/ecommerce_etl_v1_working.py for tasks to queue
[2026-06-19T21:47:48.648+0000] {logging_mixin.py:190} INFO - [2026-06-19T21:47:48.648+0000] {dagbag.py:587} INFO - Filling up the DagBag from /opt/airflow/dags/ecommerce_etl_v1_working.py
[2026-06-19T21:47:48.672+0000] {processor.py:925} INFO - DAG(s) 'ecommerce_etl' retrieved from /opt/airflow/dags/ecommerce_etl_v1_working.py
[2026-06-19T21:47:48.693+0000] {logging_mixin.py:190} INFO - [2026-06-19T21:47:48.693+0000] {dag.py:3211} INFO - Sync 1 DAGs
[2026-06-19T21:47:48.728+0000] {logging_mixin.py:190} INFO - [2026-06-19T21:47:48.728+0000] {dag.py:4138} INFO - Setting next_dagrun for ecommerce_etl to 2026-06-19 00:00:00+00:00, run_after=2026-06-20 00:00:00+00:00
[2026-06-19T21:47:48.814+0000] {processor.py:208} INFO - Processing /opt/airflow/dags/ecommerce_etl_v1_working.py took 0.179 seconds
[2026-06-19T21:48:19.402+0000] {processor.py:186} INFO - Started process (PID=615) to work on /opt/airflow/dags/ecommerce_etl_v1_working.py
[2026-06-19T21:48:19.403+0000] {processor.py:914} INFO - Processing file /opt/airflow/dags/ecommerce_etl_v1_working.py for tasks to queue
[2026-06-19T21:48:19.406+0000] {logging_mixin.py:190} INFO - [2026-06-19T21:48:19.405+0000] {dagbag.py:587} INFO - Filling up the DagBag from /opt/airflow/dags/ecommerce_etl_v1_working.py
[2026-06-19T21:48:19.436+0000] {processor.py:925} INFO - DAG(s) 'ecommerce_etl' retrieved from /opt/airflow/dags/ecommerce_etl_v1_working.py
[2026-06-19T21:48:19.458+0000] {logging_mixin.py:190} INFO - [2026-06-19T21:48:19.458+0000] {dag.py:3211} INFO - Sync 1 DAGs
[2026-06-19T21:48:19.497+0000] {logging_mixin.py:190} INFO - [2026-06-19T21:48:19.496+0000] {dag.py:4138} INFO - Setting next_dagrun for ecommerce_etl to 2026-06-19 00:00:00+00:00, run_after=2026-06-20 00:00:00+00:00
[2026-06-19T21:48:19.571+0000] {processor.py:208} INFO - Processing /opt/airflow/dags/ecommerce_etl_v1_working.py took 0.176 seconds
[2026-06-19T21:48:49.999+0000] {processor.py:186} INFO - Started process (PID=635) to work on /opt/airflow/dags/ecommerce_etl_v1_working.py
[2026-06-19T21:48:50.000+0000] {processor.py:914} INFO - Processing file /opt/airflow/dags/ecommerce_etl_v1_working.py for tasks to queue
[2026-06-19T21:48:50.004+0000] {logging_mixin.py:190} INFO - [2026-06-19T21:48:50.004+0000] {dagbag.py:587} INFO - Filling up the DagBag from /opt/airflow/dags/ecommerce_etl_v1_working.py
[2026-06-19T21:48:50.033+0000] {processor.py:925} INFO - DAG(s) 'ecommerce_etl' retrieved from /opt/airflow/dags/ecommerce_etl_v1_working.py
[2026-06-19T21:48:50.209+0000] {logging_mixin.py:190} INFO - [2026-06-19T21:48:50.208+0000] {dag.py:3211} INFO - Sync 1 DAGs
[2026-06-19T21:48:50.510+0000] {logging_mixin.py:190} INFO - [2026-06-19T21:48:50.509+0000] {dag.py:4138} INFO - Setting next_dagrun for ecommerce_etl to 2026-06-19 00:00:00+00:00, run_after=2026-06-20 00:00:00+00:00
[2026-06-19T21:48:50.596+0000] {processor.py:208} INFO - Processing /opt/airflow/dags/ecommerce_etl_v1_working.py took 0.605 seconds
[2026-06-19T21:49:21.176+0000] {processor.py:186} INFO - Started process (PID=650) to work on /opt/airflow/dags/ecommerce_etl_v1_working.py
[2026-06-19T21:49:21.178+0000] {processor.py:914} INFO - Processing file /opt/airflow/dags/ecommerce_etl_v1_working.py for tasks to queue
[2026-06-19T21:49:21.181+0000] {logging_mixin.py:190} INFO - [2026-06-19T21:49:21.181+0000] {dagbag.py:587} INFO - Filling up the DagBag from /opt/airflow/dags/ecommerce_etl_v1_working.py
[2026-06-19T21:49:21.212+0000] {processor.py:925} INFO - DAG(s) 'ecommerce_etl' retrieved from /opt/airflow/dags/ecommerce_etl_v1_working.py
[2026-06-19T21:49:21.251+0000] {logging_mixin.py:190} INFO - [2026-06-19T21:49:21.251+0000] {dag.py:3211} INFO - Sync 1 DAGs
[2026-06-19T21:49:21.285+0000] {logging_mixin.py:190} INFO - [2026-06-19T21:49:21.285+0000] {dag.py:4138} INFO - Setting next_dagrun for ecommerce_etl to 2026-06-19 00:00:00+00:00, run_after=2026-06-20 00:00:00+00:00
[2026-06-19T21:49:21.373+0000] {processor.py:208} INFO - Processing /opt/airflow/dags/ecommerce_etl_v1_working.py took 0.204 seconds
[2026-06-19T21:49:40.512+0000] {processor.py:186} INFO - Started process (PID=172) to work on /opt/airflow/dags/ecommerce_etl_v1_working.py
[2026-06-19T21:49:40.514+0000] {processor.py:914} INFO - Processing file /opt/airflow/dags/ecommerce_etl_v1_working.py for tasks to queue
[2026-06-19T21:49:40.518+0000] {logging_mixin.py:190} INFO - [2026-06-19T21:49:40.517+0000] {dagbag.py:587} INFO - Filling up the DagBag from /opt/airflow/dags/ecommerce_etl_v1_working.py
[2026-06-19T21:49:40.549+0000] {processor.py:925} INFO - DAG(s) 'ecommerce_etl' retrieved from /opt/airflow/dags/ecommerce_etl_v1_working.py
[2026-06-19T21:49:40.576+0000] {logging_mixin.py:190} INFO - [2026-06-19T21:49:40.576+0000] {dag.py:3211} INFO - Sync 1 DAGs
[2026-06-19T21:49:40.615+0000] {logging_mixin.py:190} INFO - [2026-06-19T21:49:40.614+0000] {dag.py:4138} INFO - Setting next_dagrun for ecommerce_etl to 2026-06-19 00:00:00+00:00, run_after=2026-06-20 00:00:00+00:00
[2026-06-19T21:49:40.643+0000] {processor.py:208} INFO - Processing /opt/airflow/dags/ecommerce_etl_v1_working.py took 0.141 seconds
[2026-06-19T21:50:11.148+0000] {processor.py:186} INFO - Started process (PID=187) to work on /opt/airflow/dags/ecommerce_etl_v1_working.py
[2026-06-19T21:50:11.149+0000] {processor.py:914} INFO - Processing file /opt/airflow/dags/ecommerce_etl_v1_working.py for tasks to queue
[2026-06-19T21:50:11.154+0000] {logging_mixin.py:190} INFO - [2026-06-19T21:50:11.153+0000] {dagbag.py:587} INFO - Filling up the DagBag from /opt/airflow/dags/ecommerce_etl_v1_working.py
[2026-06-19T21:50:11.186+0000] {processor.py:925} INFO - DAG(s) 'ecommerce_etl' retrieved from /opt/airflow/dags/ecommerce_etl_v1_working.py
[2026-06-19T21:50:11.208+0000] {logging_mixin.py:190} INFO - [2026-06-19T21:50:11.208+0000] {dag.py:3211} INFO - Sync 1 DAGs
[2026-06-19T21:50:11.249+0000] {logging_mixin.py:190} INFO - [2026-06-19T21:50:11.249+0000] {dag.py:4138} INFO - Setting next_dagrun for ecommerce_etl to 2026-06-19 00:00:00+00:00, run_after=2026-06-20 00:00:00+00:00
[2026-06-19T21:50:11.275+0000] {processor.py:208} INFO - Processing /opt/airflow/dags/ecommerce_etl_v1_working.py took 0.136 seconds
[2026-06-19T21:50:41.870+0000] {processor.py:186} INFO - Started process (PID=202) to work on /opt/airflow/dags/ecommerce_etl_v1_working.py
[2026-06-19T21:50:41.872+0000] {processor.py:914} INFO - Processing file /opt/airflow/dags/ecommerce_etl_v1_working.py for tasks to queue
[2026-06-19T21:50:41.875+0000] {logging_mixin.py:190} INFO - [2026-06-19T21:50:41.874+0000] {dagbag.py:587} INFO - Filling up the DagBag from /opt/airflow/dags/ecommerce_etl_v1_working.py
[2026-06-19T21:50:41.907+0000] {processor.py:925} INFO - DAG(s) 'ecommerce_etl' retrieved from /opt/airflow/dags/ecommerce_etl_v1_working.py
[2026-06-19T21:50:41.925+0000] {logging_mixin.py:190} INFO - [2026-06-19T21:50:41.924+0000] {dag.py:3211} INFO - Sync 1 DAGs
[2026-06-19T21:50:41.954+0000] {logging_mixin.py:190} INFO - [2026-06-19T21:50:41.953+0000] {dag.py:4138} INFO - Setting next_dagrun for ecommerce_etl to 2026-06-19 00:00:00+00:00, run_after=2026-06-20 00:00:00+00:00
[2026-06-19T21:50:41.975+0000] {processor.py:208} INFO - Processing /opt/airflow/dags/ecommerce_etl_v1_working.py took 0.113 seconds
[2026-06-19T21:51:12.721+0000] {processor.py:186} INFO - Started process (PID=217) to work on /opt/airflow/dags/ecommerce_etl_v1_working.py
[2026-06-19T21:51:12.722+0000] {processor.py:914} INFO - Processing file /opt/airflow/dags/ecommerce_etl_v1_working.py for tasks to queue
[2026-06-19T21:51:12.725+0000] {logging_mixin.py:190} INFO - [2026-06-19T21:51:12.725+0000] {dagbag.py:587} INFO - Filling up the DagBag from /opt/airflow/dags/ecommerce_etl_v1_working.py
[2026-06-19T21:51:12.755+0000] {processor.py:925} INFO - DAG(s) 'ecommerce_etl' retrieved from /opt/airflow/dags/ecommerce_etl_v1_working.py
[2026-06-19T21:51:12.777+0000] {logging_mixin.py:190} INFO - [2026-06-19T21:51:12.776+0000] {dag.py:3211} INFO - Sync 1 DAGs
[2026-06-19T21:51:12.807+0000] {logging_mixin.py:190} INFO - [2026-06-19T21:51:12.807+0000] {dag.py:4138} INFO - Setting next_dagrun for ecommerce_etl to 2026-06-19 00:00:00+00:00, run_after=2026-06-20 00:00:00+00:00
[2026-06-19T21:51:12.830+0000] {processor.py:208} INFO - Processing /opt/airflow/dags/ecommerce_etl_v1_working.py took 0.118 seconds
[2026-06-19T21:51:43.478+0000] {processor.py:186} INFO - Started process (PID=232) to work on /opt/airflow/dags/ecommerce_etl_v1_working.py
[2026-06-19T21:51:43.479+0000] {processor.py:914} INFO - Processing file /opt/airflow/dags/ecommerce_etl_v1_working.py for tasks to queue
[2026-06-19T21:51:43.482+0000] {logging_mixin.py:190} INFO - [2026-06-19T21:51:43.482+0000] {dagbag.py:587} INFO - Filling up the DagBag from /opt/airflow/dags/ecommerce_etl_v1_working.py
[2026-06-19T21:51:43.511+0000] {processor.py:925} INFO - DAG(s) 'ecommerce_etl' retrieved from /opt/airflow/dags/ecommerce_etl_v1_working.py
[2026-06-19T21:51:43.528+0000] {logging_mixin.py:190} INFO - [2026-06-19T21:51:43.528+0000] {dag.py:3211} INFO - Sync 1 DAGs
[2026-06-19T21:51:43.558+0000] {logging_mixin.py:190} INFO - [2026-06-19T21:51:43.558+0000] {dag.py:4138} INFO - Setting next_dagrun for ecommerce_etl to 2026-06-19 00:00:00+00:00, run_after=2026-06-20 00:00:00+00:00
[2026-06-19T21:51:43.580+0000] {processor.py:208} INFO - Processing /opt/airflow/dags/ecommerce_etl_v1_working.py took 0.109 seconds
[2026-06-19T21:52:14.128+0000] {processor.py:186} INFO - Started process (PID=247) to work on /opt/airflow/dags/ecommerce_etl_v1_working.py
[2026-06-19T21:52:14.129+0000] {processor.py:914} INFO - Processing file /opt/airflow/dags/ecommerce_etl_v1_working.py for tasks to queue
[2026-06-19T21:52:14.132+0000] {logging_mixin.py:190} INFO - [2026-06-19T21:52:14.131+0000] {dagbag.py:587} INFO - Filling up the DagBag from /opt/airflow/dags/ecommerce_etl_v1_working.py
[2026-06-19T21:52:14.160+0000] {processor.py:925} INFO - DAG(s) 'ecommerce_etl' retrieved from /opt/airflow/dags/ecommerce_etl_v1_working.py
[2026-06-19T21:52:14.180+0000] {logging_mixin.py:190} INFO - [2026-06-19T21:52:14.180+0000] {dag.py:3211} INFO - Sync 1 DAGs
[2026-06-19T21:52:14.215+0000] {logging_mixin.py:190} INFO - [2026-06-19T21:52:14.214+0000] {dag.py:4138} INFO - Setting next_dagrun for ecommerce_etl to 2026-06-19 00:00:00+00:00, run_after=2026-06-20 00:00:00+00:00
[2026-06-19T21:52:14.236+0000] {processor.py:208} INFO - Processing /opt/airflow/dags/ecommerce_etl_v1_working.py took 0.117 seconds
[2026-06-19T21:52:45.017+0000] {processor.py:186} INFO - Started process (PID=262) to work on /opt/airflow/dags/ecommerce_etl_v1_working.py
[2026-06-19T21:52:45.020+0000] {processor.py:914} INFO - Processing file /opt/airflow/dags/ecommerce_etl_v1_working.py for tasks to queue
[2026-06-19T21:52:45.024+0000] {logging_mixin.py:190} INFO - [2026-06-19T21:52:45.023+0000] {dagbag.py:587} INFO - Filling up the DagBag from /opt/airflow/dags/ecommerce_etl_v1_working.py
[2026-06-19T21:52:45.060+0000] {processor.py:925} INFO - DAG(s) 'ecommerce_etl' retrieved from /opt/airflow/dags/ecommerce_etl_v1_working.py
[2026-06-19T21:52:45.082+0000] {logging_mixin.py:190} INFO - [2026-06-19T21:52:45.082+0000] {dag.py:3211} INFO - Sync 1 DAGs
[2026-06-19T21:52:45.116+0000] {logging_mixin.py:190} INFO - [2026-06-19T21:52:45.116+0000] {dag.py:4138} INFO - Setting next_dagrun for ecommerce_etl to 2026-06-19 00:00:00+00:00, run_after=2026-06-20 00:00:00+00:00
[2026-06-19T21:52:45.141+0000] {processor.py:208} INFO - Processing /opt/airflow/dags/ecommerce_etl_v1_working.py took 0.132 seconds
[2026-06-19T21:53:15.808+0000] {processor.py:186} INFO - Started process (PID=277) to work on /opt/airflow/dags/ecommerce_etl_v1_working.py
[2026-06-19T21:53:15.810+0000] {processor.py:914} INFO - Processing file /opt/airflow/dags/ecommerce_etl_v1_working.py for tasks to queue
[2026-06-19T21:53:15.814+0000] {logging_mixin.py:190} INFO - [2026-06-19T21:53:15.813+0000] {dagbag.py:587} INFO - Filling up the DagBag from /opt/airflow/dags/ecommerce_etl_v1_working.py
[2026-06-19T21:53:15.856+0000] {processor.py:925} INFO - DAG(s) 'ecommerce_etl' retrieved from /opt/airflow/dags/ecommerce_etl_v1_working.py
[2026-06-19T21:53:16.059+0000] {logging_mixin.py:190} INFO - [2026-06-19T21:53:16.058+0000] {dag.py:3211} INFO - Sync 1 DAGs
[2026-06-19T21:53:16.178+0000] {logging_mixin.py:190} INFO - [2026-06-19T21:53:16.178+0000] {dag.py:4138} INFO - Setting next_dagrun for ecommerce_etl to 2026-06-19 00:00:00+00:00, run_after=2026-06-20 00:00:00+00:00
[2026-06-19T21:53:16.379+0000] {processor.py:208} INFO - Processing /opt/airflow/dags/ecommerce_etl_v1_working.py took 0.585 seconds
[2026-06-19T21:53:46.810+0000] {processor.py:186} INFO - Started process (PID=292) to work on /opt/airflow/dags/ecommerce_etl_v1_working.py
[2026-06-19T21:53:46.811+0000] {processor.py:914} INFO - Processing file /opt/airflow/dags/ecommerce_etl_v1_working.py for tasks to queue
[2026-06-19T21:53:46.814+0000] {logging_mixin.py:190} INFO - [2026-06-19T21:53:46.814+0000] {dagbag.py:587} INFO - Filling up the DagBag from /opt/airflow/dags/ecommerce_etl_v1_working.py
[2026-06-19T21:53:46.840+0000] {processor.py:925} INFO - DAG(s) 'ecommerce_etl' retrieved from /opt/airflow/dags/ecommerce_etl_v1_working.py
[2026-06-19T21:53:46.881+0000] {logging_mixin.py:190} INFO - [2026-06-19T21:53:46.881+0000] {dag.py:3211} INFO - Sync 1 DAGs
[2026-06-19T21:53:46.919+0000] {logging_mixin.py:190} INFO - [2026-06-19T21:53:46.919+0000] {dag.py:4138} INFO - Setting next_dagrun for ecommerce_etl to 2026-06-19 00:00:00+00:00, run_after=2026-06-20 00:00:00+00:00
[2026-06-19T21:53:46.947+0000] {processor.py:208} INFO - Processing /opt/airflow/dags/ecommerce_etl_v1_working.py took 0.145 seconds
[2026-06-19T21:54:17.484+0000] {processor.py:186} INFO - Started process (PID=316) to work on /opt/airflow/dags/ecommerce_etl_v1_working.py
[2026-06-19T21:54:17.486+0000] {processor.py:914} INFO - Processing file /opt/airflow/dags/ecommerce_etl_v1_working.py for tasks to queue
[2026-06-19T21:54:17.493+0000] {logging_mixin.py:190} INFO - [2026-06-19T21:54:17.492+0000] {dagbag.py:587} INFO - Filling up the DagBag from /opt/airflow/dags/ecommerce_etl_v1_working.py
[2026-06-19T21:54:17.557+0000] {processor.py:925} INFO - DAG(s) 'ecommerce_etl' retrieved from /opt/airflow/dags/ecommerce_etl_v1_working.py
[2026-06-19T21:54:17.778+0000] {logging_mixin.py:190} INFO - [2026-06-19T21:54:17.778+0000] {dag.py:3211} INFO - Sync 1 DAGs
[2026-06-19T21:54:17.972+0000] {logging_mixin.py:190} INFO - [2026-06-19T21:54:17.972+0000] {dag.py:4138} INFO - Setting next_dagrun for ecommerce_etl to 2026-06-19 00:00:00+00:00, run_after=2026-06-20 00:00:00+00:00
[2026-06-19T21:54:17.993+0000] {processor.py:208} INFO - Processing /opt/airflow/dags/ecommerce_etl_v1_working.py took 0.526 seconds
[2026-06-19T21:54:48.383+0000] {processor.py:186} INFO - Started process (PID=331) to work on /opt/airflow/dags/ecommerce_etl_v1_working.py
[2026-06-19T21:54:48.384+0000] {processor.py:914} INFO - Processing file /opt/airflow/dags/ecommerce_etl_v1_working.py for tasks to queue
[2026-06-19T21:54:48.387+0000] {logging_mixin.py:190} INFO - [2026-06-19T21:54:48.387+0000] {dagbag.py:587} INFO - Filling up the DagBag from /opt/airflow/dags/ecommerce_etl_v1_working.py
[2026-06-19T21:54:48.427+0000] {processor.py:925} INFO - DAG(s) 'ecommerce_etl' retrieved from /opt/airflow/dags/ecommerce_etl_v1_working.py
[2026-06-19T21:54:48.481+0000] {logging_mixin.py:190} INFO - [2026-06-19T21:54:48.480+0000] {dag.py:3211} INFO - Sync 1 DAGs
[2026-06-19T21:54:48.528+0000] {logging_mixin.py:190} INFO - [2026-06-19T21:54:48.527+0000] {dag.py:4138} INFO - Setting next_dagrun for ecommerce_etl to 2026-06-19 00:00:00+00:00, run_after=2026-06-20 00:00:00+00:00
[2026-06-19T21:54:48.570+0000] {processor.py:208} INFO - Processing /opt/airflow/dags/ecommerce_etl_v1_working.py took 0.195 seconds
[2026-06-19T21:55:19.150+0000] {processor.py:186} INFO - Started process (PID=346) to work on /opt/airflow/dags/ecommerce_etl_v1_working.py
[2026-06-19T21:55:19.151+0000] {processor.py:914} INFO - Processing file /opt/airflow/dags/ecommerce_etl_v1_working.py for tasks to queue
[2026-06-19T21:55:19.154+0000] {logging_mixin.py:190} INFO - [2026-06-19T21:55:19.154+0000] {dagbag.py:587} INFO - Filling up the DagBag from /opt/airflow/dags/ecommerce_etl_v1_working.py
[2026-06-19T21:55:19.187+0000] {processor.py:925} INFO - DAG(s) 'ecommerce_etl' retrieved from /opt/airflow/dags/ecommerce_etl_v1_working.py
[2026-06-19T21:55:19.384+0000] {logging_mixin.py:190} INFO - [2026-06-19T21:55:19.384+0000] {dag.py:3211} INFO - Sync 1 DAGs
[2026-06-19T21:55:19.415+0000] {logging_mixin.py:190} INFO - [2026-06-19T21:55:19.415+0000] {dag.py:4138} INFO - Setting next_dagrun for ecommerce_etl to 2026-06-19 00:00:00+00:00, run_after=2026-06-20 00:00:00+00:00
[2026-06-19T21:55:19.441+0000] {processor.py:208} INFO - Processing /opt/airflow/dags/ecommerce_etl_v1_working.py took 0.299 seconds
[2026-06-19T21:55:49.883+0000] {processor.py:186} INFO - Started process (PID=361) to work on /opt/airflow/dags/ecommerce_etl_v1_working.py
[2026-06-19T21:55:49.886+0000] {processor.py:914} INFO - Processing file /opt/airflow/dags/ecommerce_etl_v1_working.py for tasks to queue
[2026-06-19T21:55:49.893+0000] {logging_mixin.py:190} INFO - [2026-06-19T21:55:49.891+0000] {dagbag.py:587} INFO - Filling up the DagBag from /opt/airflow/dags/ecommerce_etl_v1_working.py
[2026-06-19T21:55:49.965+0000] {processor.py:925} INFO - DAG(s) 'ecommerce_etl' retrieved from /opt/airflow/dags/ecommerce_etl_v1_working.py
[2026-06-19T21:55:50.140+0000] {logging_mixin.py:190} INFO - [2026-06-19T21:55:50.140+0000] {dag.py:3211} INFO - Sync 1 DAGs
[2026-06-19T21:55:50.181+0000] {logging_mixin.py:190} INFO - [2026-06-19T21:55:50.180+0000] {dag.py:4138} INFO - Setting next_dagrun for ecommerce_etl to 2026-06-19 00:00:00+00:00, run_after=2026-06-20 00:00:00+00:00
[2026-06-19T21:55:50.207+0000] {processor.py:208} INFO - Processing /opt/airflow/dags/ecommerce_etl_v1_working.py took 0.333 seconds
[2026-06-19T21:56:20.763+0000] {processor.py:186} INFO - Started process (PID=376) to work on /opt/airflow/dags/ecommerce_etl_v1_working.py
[2026-06-19T21:56:20.764+0000] {processor.py:914} INFO - Processing file /opt/airflow/dags/ecommerce_etl_v1_working.py for tasks to queue
[2026-06-19T21:56:20.769+0000] {logging_mixin.py:190} INFO - [2026-06-19T21:56:20.769+0000] {dagbag.py:587} INFO - Filling up the DagBag from /opt/airflow/dags/ecommerce_etl_v1_working.py
[2026-06-19T21:56:20.811+0000] {processor.py:925} INFO - DAG(s) 'ecommerce_etl' retrieved from /opt/airflow/dags/ecommerce_etl_v1_working.py
[2026-06-19T21:56:21.020+0000] {logging_mixin.py:190} INFO - [2026-06-19T21:56:21.019+0000] {dag.py:3211} INFO - Sync 1 DAGs
[2026-06-19T21:56:21.389+0000] {logging_mixin.py:190} INFO - [2026-06-19T21:56:21.388+0000] {dag.py:4138} INFO - Setting next_dagrun for ecommerce_etl to 2026-06-19 00:00:00+00:00, run_after=2026-06-20 00:00:00+00:00
[2026-06-19T21:56:21.457+0000] {processor.py:208} INFO - Processing /opt/airflow/dags/ecommerce_etl_v1_working.py took 0.702 seconds
[2026-06-19T21:56:51.592+0000] {processor.py:186} INFO - Started process (PID=397) to work on /opt/airflow/dags/ecommerce_etl_v1_working.py
[2026-06-19T21:56:51.595+0000] {processor.py:914} INFO - Processing file /opt/airflow/dags/ecommerce_etl_v1_working.py for tasks to queue
[2026-06-19T21:56:51.606+0000] {logging_mixin.py:190} INFO - [2026-06-19T21:56:51.605+0000] {dagbag.py:587} INFO - Filling up the DagBag from /opt/airflow/dags/ecommerce_etl_v1_working.py
[2026-06-19T21:56:51.642+0000] {processor.py:925} INFO - DAG(s) 'ecommerce_etl' retrieved from /opt/airflow/dags/ecommerce_etl_v1_working.py
[2026-06-19T21:56:51.718+0000] {logging_mixin.py:190} INFO - [2026-06-19T21:56:51.718+0000] {dag.py:3211} INFO - Sync 1 DAGs
[2026-06-19T21:56:51.860+0000] {logging_mixin.py:190} INFO - [2026-06-19T21:56:51.859+0000] {dag.py:4138} INFO - Setting next_dagrun for ecommerce_etl to 2026-06-19 00:00:00+00:00, run_after=2026-06-20 00:00:00+00:00
[2026-06-19T21:56:51.943+0000] {processor.py:208} INFO - Processing /opt/airflow/dags/ecommerce_etl_v1_working.py took 0.360 seconds
[2026-06-19T21:57:22.421+0000] {processor.py:186} INFO - Started process (PID=412) to work on /opt/airflow/dags/ecommerce_etl_v1_working.py
[2026-06-19T21:57:22.423+0000] {processor.py:914} INFO - Processing file /opt/airflow/dags/ecommerce_etl_v1_working.py for tasks to queue
[2026-06-19T21:57:22.426+0000] {logging_mixin.py:190} INFO - [2026-06-19T21:57:22.425+0000] {dagbag.py:587} INFO - Filling up the DagBag from /opt/airflow/dags/ecommerce_etl_v1_working.py
[2026-06-19T21:57:22.458+0000] {processor.py:925} INFO - DAG(s) 'ecommerce_etl' retrieved from /opt/airflow/dags/ecommerce_etl_v1_working.py
[2026-06-19T21:57:22.712+0000] {logging_mixin.py:190} INFO - [2026-06-19T21:57:22.712+0000] {dag.py:3211} INFO - Sync 1 DAGs
[2026-06-19T21:57:22.744+0000] {logging_mixin.py:190} INFO - [2026-06-19T21:57:22.743+0000] {dag.py:4138} INFO - Setting next_dagrun for ecommerce_etl to 2026-06-19 00:00:00+00:00, run_after=2026-06-20 00:00:00+00:00
[2026-06-19T21:57:22.773+0000] {processor.py:208} INFO - Processing /opt/airflow/dags/ecommerce_etl_v1_working.py took 0.361 seconds
[2026-06-19T21:57:53.210+0000] {processor.py:186} INFO - Started process (PID=427) to work on /opt/airflow/dags/ecommerce_etl_v1_working.py
[2026-06-19T21:57:53.212+0000] {processor.py:914} INFO - Processing file /opt/airflow/dags/ecommerce_etl_v1_working.py for tasks to queue
[2026-06-19T21:57:53.216+0000] {logging_mixin.py:190} INFO - [2026-06-19T21:57:53.215+0000] {dagbag.py:587} INFO - Filling up the DagBag from /opt/airflow/dags/ecommerce_etl_v1_working.py
[2026-06-19T21:57:53.248+0000] {processor.py:925} INFO - DAG(s) 'ecommerce_etl' retrieved from /opt/airflow/dags/ecommerce_etl_v1_working.py
[2026-06-19T21:57:53.304+0000] {logging_mixin.py:190} INFO - [2026-06-19T21:57:53.303+0000] {dag.py:3211} INFO - Sync 1 DAGs
[2026-06-19T21:57:53.344+0000] {logging_mixin.py:190} INFO - [2026-06-19T21:57:53.344+0000] {dag.py:4138} INFO - Setting next_dagrun for ecommerce_etl to 2026-06-19 00:00:00+00:00, run_after=2026-06-20 00:00:00+00:00
[2026-06-19T21:57:53.421+0000] {processor.py:208} INFO - Processing /opt/airflow/dags/ecommerce_etl_v1_working.py took 0.221 seconds
[2026-06-19T21:58:23.981+0000] {processor.py:186} INFO - Started process (PID=449) to work on /opt/airflow/dags/ecommerce_etl_v1_working.py
[2026-06-19T21:58:23.985+0000] {processor.py:914} INFO - Processing file /opt/airflow/dags/ecommerce_etl_v1_working.py for tasks to queue
[2026-06-19T21:58:23.989+0000] {logging_mixin.py:190} INFO - [2026-06-19T21:58:23.988+0000] {dagbag.py:587} INFO - Filling up the DagBag from /opt/airflow/dags/ecommerce_etl_v1_working.py
[2026-06-19T21:58:24.019+0000] {processor.py:925} INFO - DAG(s) 'ecommerce_etl' retrieved from /opt/airflow/dags/ecommerce_etl_v1_working.py
[2026-06-19T21:58:24.192+0000] {logging_mixin.py:190} INFO - [2026-06-19T21:58:24.192+0000] {dag.py:3211} INFO - Sync 1 DAGs
[2026-06-19T21:58:24.239+0000] {logging_mixin.py:190} INFO - [2026-06-19T21:58:24.238+0000] {dag.py:4138} INFO - Setting next_dagrun for ecommerce_etl to 2026-06-19 00:00:00+00:00, run_after=2026-06-20 00:00:00+00:00
[2026-06-19T21:58:24.572+0000] {processor.py:208} INFO - Processing /opt/airflow/dags/ecommerce_etl_v1_working.py took 0.598 seconds
[2026-06-19T21:58:54.806+0000] {processor.py:186} INFO - Started process (PID=464) to work on /opt/airflow/dags/ecommerce_etl_v1_working.py
[2026-06-19T21:58:54.808+0000] {processor.py:914} INFO - Processing file /opt/airflow/dags/ecommerce_etl_v1_working.py for tasks to queue
[2026-06-19T21:58:54.811+0000] {logging_mixin.py:190} INFO - [2026-06-19T21:58:54.811+0000] {dagbag.py:587} INFO - Filling up the DagBag from /opt/airflow/dags/ecommerce_etl_v1_working.py
[2026-06-19T21:58:54.859+0000] {processor.py:925} INFO - DAG(s) 'ecommerce_etl' retrieved from /opt/airflow/dags/ecommerce_etl_v1_working.py
[2026-06-19T21:58:54.918+0000] {logging_mixin.py:190} INFO - [2026-06-19T21:58:54.917+0000] {dag.py:3211} INFO - Sync 1 DAGs
[2026-06-19T21:58:54.987+0000] {logging_mixin.py:190} INFO - [2026-06-19T21:58:54.987+0000] {dag.py:4138} INFO - Setting next_dagrun for ecommerce_etl to 2026-06-19 00:00:00+00:00, run_after=2026-06-20 00:00:00+00:00
[2026-06-19T21:58:55.061+0000] {processor.py:208} INFO - Processing /opt/airflow/dags/ecommerce_etl_v1_working.py took 0.266 seconds
[2026-06-19T21:59:36.174+0000] {processor.py:186} INFO - Started process (PID=167) to work on /opt/airflow/dags/ecommerce_etl_v1_working.py
[2026-06-19T21:59:36.176+0000] {processor.py:914} INFO - Processing file /opt/airflow/dags/ecommerce_etl_v1_working.py for tasks to queue
[2026-06-19T21:59:36.182+0000] {logging_mixin.py:190} INFO - [2026-06-19T21:59:36.181+0000] {dagbag.py:587} INFO - Filling up the DagBag from /opt/airflow/dags/ecommerce_etl_v1_working.py
[2026-06-19T21:59:36.222+0000] {processor.py:925} INFO - DAG(s) 'ecommerce_etl' retrieved from /opt/airflow/dags/ecommerce_etl_v1_working.py
[2026-06-19T21:59:36.439+0000] {logging_mixin.py:190} INFO - [2026-06-19T21:59:36.439+0000] {dag.py:3211} INFO - Sync 1 DAGs
[2026-06-19T21:59:36.543+0000] {logging_mixin.py:190} INFO - [2026-06-19T21:59:36.542+0000] {dag.py:4138} INFO - Setting next_dagrun for ecommerce_etl to 2026-06-19 00:00:00+00:00, run_after=2026-06-20 00:00:00+00:00
[2026-06-19T21:59:36.977+0000] {logging_mixin.py:190} INFO - [2026-06-19T21:59:36.972+0000] {dagbag.py:697} ERROR - Failed to write serialized DAG: /opt/airflow/dags/ecommerce_etl_v1_working.py
Traceback (most recent call last):
  File "/home/airflow/.local/lib/python3.12/site-packages/airflow/models/dagbag.py", line 685, in _serialize_dag_capturing_errors
    dag_was_updated = SerializedDagModel.write_dag(
                      ^^^^^^^^^^^^^^^^^^^^^^^^^^^^^
  File "/home/airflow/.local/lib/python3.12/site-packages/airflow/utils/session.py", line 94, in wrapper
    return func(*args, **kwargs)
           ^^^^^^^^^^^^^^^^^^^^^
  File "/home/airflow/.local/lib/python3.12/site-packages/airflow/models/serialized_dag.py", line 160, in write_dag
    if session.scalar(
       ^^^^^^^^^^^^^^^
  File "/home/airflow/.local/lib/python3.12/site-packages/sqlalchemy/orm/session.py", line 1747, in scalar
    return self.execute(
           ^^^^^^^^^^^^^
  File "/home/airflow/.local/lib/python3.12/site-packages/sqlalchemy/orm/session.py", line 1716, in execute
    conn = self._connection_for_bind(bind)
           ^^^^^^^^^^^^^^^^^^^^^^^^^^^^^^^
  File "/home/airflow/.local/lib/python3.12/site-packages/sqlalchemy/orm/session.py", line 1555, in _connection_for_bind
    return self._transaction._connection_for_bind(
           ^^^^^^^^^^^^^^^^^^^^^^^^^^^^^^^^^^^^^^^
  File "/home/airflow/.local/lib/python3.12/site-packages/sqlalchemy/orm/session.py", line 724, in _connection_for_bind
    self._assert_active()
  File "/home/airflow/.local/lib/python3.12/site-packages/sqlalchemy/orm/session.py", line 604, in _assert_active
    raise sa_exc.PendingRollbackError(
sqlalchemy.exc.PendingRollbackError: This Session's transaction has been rolled back due to a previous exception during flush. To begin a new transaction with this Session, first issue Session.rollback(). Original exception was: (psycopg2.errors.UniqueViolation) duplicate key value violates unique constraint "serialized_dag_pkey"
DETAIL:  Key (dag_id)=(ecommerce_etl) already exists.

[SQL: INSERT INTO serialized_dag (dag_id, fileloc, fileloc_hash, data, data_compressed, last_updated, dag_hash, processor_subdir) VALUES (%(dag_id)s, %(fileloc)s, %(fileloc_hash)s, %(data)s, %(data_compressed)s, %(last_updated)s, %(dag_hash)s, %(processor_subdir)s)]
[parameters: {'dag_id': 'ecommerce_etl', 'fileloc': '/opt/airflow/dags/ecommerce_etl_v1_working.py', 'fileloc_hash': 39705078750789899, 'data': '{"__version": 1, "dag": {"edge_info": {}, "_dag_id": "ecommerce_etl", "timezone": "UTC", "catchup": false, "fileloc": "/opt/airflow/dags/ecommerce_et ... (3008 characters truncated) ... hon", "_is_empty": false, "start_trigger_args": null, "op_args": [], "op_kwargs": {}}, "__type": "operator"}], "dag_dependencies": [], "params": []}}', 'data_compressed': None, 'last_updated': datetime.datetime(2026, 6, 19, 21, 59, 36, 245206, tzinfo=Timezone('UTC')), 'dag_hash': '9318b4c5257bd46e27e8af1b7ca40d3c', 'processor_subdir': '/opt/airflow/dags'}]
(Background on this error at: https://sqlalche.me/e/14/gkpj) (Background on this error at: https://sqlalche.me/e/14/7s2a)
[2026-06-19T21:59:36.980+0000] {logging_mixin.py:190} INFO - [2026-06-19T21:59:36.979+0000] {dag.py:3211} INFO - Sync 1 DAGs
[2026-06-19T21:59:36.981+0000] {processor.py:211} ERROR - Got an exception! Propagating...
Traceback (most recent call last):
  File "/home/airflow/.local/lib/python3.12/site-packages/airflow/dag_processing/processor.py", line 207, in _run_file_processor
    _handle_dag_file_processing()
  File "/home/airflow/.local/lib/python3.12/site-packages/airflow/dag_processing/processor.py", line 188, in _handle_dag_file_processing
    result: tuple[int, int, int] = dag_file_processor.process_file(
                                   ^^^^^^^^^^^^^^^^^^^^^^^^^^^^^^^^
  File "/home/airflow/.local/lib/python3.12/site-packages/airflow/utils/session.py", line 97, in wrapper
    return func(*args, session=session, **kwargs)
           ^^^^^^^^^^^^^^^^^^^^^^^^^^^^^^^^^^^^^^
  File "/home/airflow/.local/lib/python3.12/site-packages/airflow/dag_processing/processor.py", line 942, in process_file
    serialize_errors = DagFileProcessor.save_dag_to_db(
                       ^^^^^^^^^^^^^^^^^^^^^^^^^^^^^^^^
  File "/home/airflow/.local/lib/python3.12/site-packages/airflow/api_internal/internal_api_call.py", line 139, in wrapper
    return func(*args, **kwargs)
           ^^^^^^^^^^^^^^^^^^^^^
  File "/home/airflow/.local/lib/python3.12/site-packages/airflow/utils/session.py", line 97, in wrapper
    return func(*args, session=session, **kwargs)
           ^^^^^^^^^^^^^^^^^^^^^^^^^^^^^^^^^^^^^^
  File "/home/airflow/.local/lib/python3.12/site-packages/airflow/dag_processing/processor.py", line 982, in save_dag_to_db
    import_errors = DagBag._sync_to_db(dags=dags, processor_subdir=dag_directory, session=session)
                    ^^^^^^^^^^^^^^^^^^^^^^^^^^^^^^^^^^^^^^^^^^^^^^^^^^^^^^^^^^^^^^^^^^^^^^^^^^^^^^
  File "/home/airflow/.local/lib/python3.12/site-packages/airflow/utils/session.py", line 94, in wrapper
    return func(*args, **kwargs)
           ^^^^^^^^^^^^^^^^^^^^^
  File "/home/airflow/.local/lib/python3.12/site-packages/airflow/models/dagbag.py", line 707, in _sync_to_db
    for attempt in run_with_db_retries(logger=log):
                   ^^^^^^^^^^^^^^^^^^^^^^^^^^^^^^^
  File "/home/airflow/.local/lib/python3.12/site-packages/tenacity/__init__.py", line 443, in __iter__
    do = self.iter(retry_state=retry_state)
         ^^^^^^^^^^^^^^^^^^^^^^^^^^^^^^^^^^
  File "/home/airflow/.local/lib/python3.12/site-packages/tenacity/__init__.py", line 376, in iter
    result = action(retry_state)
             ^^^^^^^^^^^^^^^^^^^
  File "/home/airflow/.local/lib/python3.12/site-packages/tenacity/__init__.py", line 398, in <lambda>
    self._add_action_func(lambda rs: rs.outcome.result())
                                     ^^^^^^^^^^^^^^^^^^^
  File "/usr/local/lib/python3.12/concurrent/futures/_base.py", line 449, in result
    return self.__get_result()
           ^^^^^^^^^^^^^^^^^^^
  File "/usr/local/lib/python3.12/concurrent/futures/_base.py", line 401, in __get_result
    raise self._exception
  File "/home/airflow/.local/lib/python3.12/site-packages/airflow/models/dagbag.py", line 723, in _sync_to_db
    DAG.bulk_write_to_db(dags.values(), processor_subdir=processor_subdir, session=session)
  File "/home/airflow/.local/lib/python3.12/site-packages/airflow/utils/session.py", line 94, in wrapper
    return func(*args, **kwargs)
           ^^^^^^^^^^^^^^^^^^^^^
  File "/home/airflow/.local/lib/python3.12/site-packages/airflow/models/dag.py", line 3224, in bulk_write_to_db
    orm_dags: list[DagModel] = session.scalars(query).unique().all()
                               ^^^^^^^^^^^^^^^^^^^^^^
  File "/home/airflow/.local/lib/python3.12/site-packages/sqlalchemy/orm/session.py", line 1778, in scalars
    return self.execute(
           ^^^^^^^^^^^^^
  File "/home/airflow/.local/lib/python3.12/site-packages/sqlalchemy/orm/session.py", line 1716, in execute
    conn = self._connection_for_bind(bind)
           ^^^^^^^^^^^^^^^^^^^^^^^^^^^^^^^
  File "/home/airflow/.local/lib/python3.12/site-packages/sqlalchemy/orm/session.py", line 1555, in _connection_for_bind
    return self._transaction._connection_for_bind(
           ^^^^^^^^^^^^^^^^^^^^^^^^^^^^^^^^^^^^^^^
  File "/home/airflow/.local/lib/python3.12/site-packages/sqlalchemy/orm/session.py", line 724, in _connection_for_bind
    self._assert_active()
  File "/home/airflow/.local/lib/python3.12/site-packages/sqlalchemy/orm/session.py", line 604, in _assert_active
    raise sa_exc.PendingRollbackError(
sqlalchemy.exc.PendingRollbackError: This Session's transaction has been rolled back due to a previous exception during flush. To begin a new transaction with this Session, first issue Session.rollback(). Original exception was: (psycopg2.errors.UniqueViolation) duplicate key value violates unique constraint "serialized_dag_pkey"
DETAIL:  Key (dag_id)=(ecommerce_etl) already exists.

[SQL: INSERT INTO serialized_dag (dag_id, fileloc, fileloc_hash, data, data_compressed, last_updated, dag_hash, processor_subdir) VALUES (%(dag_id)s, %(fileloc)s, %(fileloc_hash)s, %(data)s, %(data_compressed)s, %(last_updated)s, %(dag_hash)s, %(processor_subdir)s)]
[parameters: {'dag_id': 'ecommerce_etl', 'fileloc': '/opt/airflow/dags/ecommerce_etl_v1_working.py', 'fileloc_hash': 39705078750789899, 'data': '{"__version": 1, "dag": {"edge_info": {}, "_dag_id": "ecommerce_etl", "timezone": "UTC", "catchup": false, "fileloc": "/opt/airflow/dags/ecommerce_et ... (3008 characters truncated) ... hon", "_is_empty": false, "start_trigger_args": null, "op_args": [], "op_kwargs": {}}, "__type": "operator"}], "dag_dependencies": [], "params": []}}', 'data_compressed': None, 'last_updated': datetime.datetime(2026, 6, 19, 21, 59, 36, 245206, tzinfo=Timezone('UTC')), 'dag_hash': '9318b4c5257bd46e27e8af1b7ca40d3c', 'processor_subdir': '/opt/airflow/dags'}]
(Background on this error at: https://sqlalche.me/e/14/gkpj) (Background on this error at: https://sqlalche.me/e/14/7s2a)
[2026-06-19T22:00:07.170+0000] {processor.py:186} INFO - Started process (PID=179) to work on /opt/airflow/dags/ecommerce_etl_v1_working.py
[2026-06-19T22:00:07.171+0000] {processor.py:914} INFO - Processing file /opt/airflow/dags/ecommerce_etl_v1_working.py for tasks to queue
[2026-06-19T22:00:07.174+0000] {logging_mixin.py:190} INFO - [2026-06-19T22:00:07.174+0000] {dagbag.py:587} INFO - Filling up the DagBag from /opt/airflow/dags/ecommerce_etl_v1_working.py
[2026-06-19T22:00:07.199+0000] {processor.py:925} INFO - DAG(s) 'ecommerce_etl' retrieved from /opt/airflow/dags/ecommerce_etl_v1_working.py
[2026-06-19T22:00:07.360+0000] {logging_mixin.py:190} INFO - [2026-06-19T22:00:07.359+0000] {dag.py:3211} INFO - Sync 1 DAGs
[2026-06-19T22:00:07.390+0000] {logging_mixin.py:190} INFO - [2026-06-19T22:00:07.390+0000] {dag.py:4138} INFO - Setting next_dagrun for ecommerce_etl to 2026-06-19 00:00:00+00:00, run_after=2026-06-20 00:00:00+00:00
[2026-06-19T22:00:07.455+0000] {processor.py:208} INFO - Processing /opt/airflow/dags/ecommerce_etl_v1_working.py took 0.292 seconds
[2026-06-19T22:00:37.790+0000] {processor.py:186} INFO - Started process (PID=189) to work on /opt/airflow/dags/ecommerce_etl_v1_working.py
[2026-06-19T22:00:37.791+0000] {processor.py:914} INFO - Processing file /opt/airflow/dags/ecommerce_etl_v1_working.py for tasks to queue
[2026-06-19T22:00:37.795+0000] {logging_mixin.py:190} INFO - [2026-06-19T22:00:37.794+0000] {dagbag.py:587} INFO - Filling up the DagBag from /opt/airflow/dags/ecommerce_etl_v1_working.py
[2026-06-19T22:00:37.823+0000] {processor.py:925} INFO - DAG(s) 'ecommerce_etl' retrieved from /opt/airflow/dags/ecommerce_etl_v1_working.py
[2026-06-19T22:00:37.843+0000] {logging_mixin.py:190} INFO - [2026-06-19T22:00:37.843+0000] {dag.py:3211} INFO - Sync 1 DAGs
[2026-06-19T22:00:37.873+0000] {logging_mixin.py:190} INFO - [2026-06-19T22:00:37.873+0000] {dag.py:4138} INFO - Setting next_dagrun for ecommerce_etl to 2026-06-19 00:00:00+00:00, run_after=2026-06-20 00:00:00+00:00
[2026-06-19T22:00:37.895+0000] {processor.py:208} INFO - Processing /opt/airflow/dags/ecommerce_etl_v1_working.py took 0.112 seconds
[2026-06-19T22:01:08.237+0000] {processor.py:186} INFO - Started process (PID=197) to work on /opt/airflow/dags/ecommerce_etl_v1_working.py
[2026-06-19T22:01:08.239+0000] {processor.py:914} INFO - Processing file /opt/airflow/dags/ecommerce_etl_v1_working.py for tasks to queue
[2026-06-19T22:01:08.244+0000] {logging_mixin.py:190} INFO - [2026-06-19T22:01:08.243+0000] {dagbag.py:587} INFO - Filling up the DagBag from /opt/airflow/dags/ecommerce_etl_v1_working.py
[2026-06-19T22:01:08.276+0000] {processor.py:925} INFO - DAG(s) 'ecommerce_etl' retrieved from /opt/airflow/dags/ecommerce_etl_v1_working.py
[2026-06-19T22:01:08.450+0000] {logging_mixin.py:190} INFO - [2026-06-19T22:01:08.450+0000] {dag.py:3211} INFO - Sync 1 DAGs
[2026-06-19T22:01:08.479+0000] {logging_mixin.py:190} INFO - [2026-06-19T22:01:08.479+0000] {dag.py:4138} INFO - Setting next_dagrun for ecommerce_etl to 2026-06-19 00:00:00+00:00, run_after=2026-06-20 00:00:00+00:00
[2026-06-19T22:01:08.499+0000] {processor.py:208} INFO - Processing /opt/airflow/dags/ecommerce_etl_v1_working.py took 0.273 seconds
[2026-06-19T22:01:38.923+0000] {processor.py:186} INFO - Started process (PID=213) to work on /opt/airflow/dags/ecommerce_etl_v1_working.py
[2026-06-19T22:01:38.926+0000] {processor.py:914} INFO - Processing file /opt/airflow/dags/ecommerce_etl_v1_working.py for tasks to queue
[2026-06-19T22:01:38.933+0000] {logging_mixin.py:190} INFO - [2026-06-19T22:01:38.931+0000] {dagbag.py:587} INFO - Filling up the DagBag from /opt/airflow/dags/ecommerce_etl_v1_working.py
[2026-06-19T22:01:38.974+0000] {processor.py:925} INFO - DAG(s) 'ecommerce_etl' retrieved from /opt/airflow/dags/ecommerce_etl_v1_working.py
[2026-06-19T22:01:39.023+0000] {logging_mixin.py:190} INFO - [2026-06-19T22:01:39.023+0000] {dag.py:3211} INFO - Sync 1 DAGs
[2026-06-19T22:01:39.066+0000] {logging_mixin.py:190} INFO - [2026-06-19T22:01:39.066+0000] {dag.py:4138} INFO - Setting next_dagrun for ecommerce_etl to 2026-06-19 00:00:00+00:00, run_after=2026-06-20 00:00:00+00:00
[2026-06-19T22:01:39.136+0000] {processor.py:208} INFO - Processing /opt/airflow/dags/ecommerce_etl_v1_working.py took 0.229 seconds
[2026-06-19T22:02:09.493+0000] {processor.py:186} INFO - Started process (PID=223) to work on /opt/airflow/dags/ecommerce_etl_v1_working.py
[2026-06-19T22:02:09.495+0000] {processor.py:914} INFO - Processing file /opt/airflow/dags/ecommerce_etl_v1_working.py for tasks to queue
[2026-06-19T22:02:09.499+0000] {logging_mixin.py:190} INFO - [2026-06-19T22:02:09.499+0000] {dagbag.py:587} INFO - Filling up the DagBag from /opt/airflow/dags/ecommerce_etl_v1_working.py
[2026-06-19T22:02:09.542+0000] {processor.py:925} INFO - DAG(s) 'ecommerce_etl' retrieved from /opt/airflow/dags/ecommerce_etl_v1_working.py
[2026-06-19T22:02:09.693+0000] {logging_mixin.py:190} INFO - [2026-06-19T22:02:09.693+0000] {dag.py:3211} INFO - Sync 1 DAGs
[2026-06-19T22:02:09.735+0000] {logging_mixin.py:190} INFO - [2026-06-19T22:02:09.734+0000] {dag.py:4138} INFO - Setting next_dagrun for ecommerce_etl to 2026-06-19 00:00:00+00:00, run_after=2026-06-20 00:00:00+00:00
[2026-06-19T22:02:09.758+0000] {processor.py:208} INFO - Processing /opt/airflow/dags/ecommerce_etl_v1_working.py took 0.273 seconds
[2026-06-19T22:02:40.125+0000] {processor.py:186} INFO - Started process (PID=233) to work on /opt/airflow/dags/ecommerce_etl_v1_working.py
[2026-06-19T22:02:40.128+0000] {processor.py:914} INFO - Processing file /opt/airflow/dags/ecommerce_etl_v1_working.py for tasks to queue
[2026-06-19T22:02:40.133+0000] {logging_mixin.py:190} INFO - [2026-06-19T22:02:40.133+0000] {dagbag.py:587} INFO - Filling up the DagBag from /opt/airflow/dags/ecommerce_etl_v1_working.py
[2026-06-19T22:02:40.170+0000] {processor.py:925} INFO - DAG(s) 'ecommerce_etl' retrieved from /opt/airflow/dags/ecommerce_etl_v1_working.py
[2026-06-19T22:02:40.213+0000] {logging_mixin.py:190} INFO - [2026-06-19T22:02:40.213+0000] {dag.py:3211} INFO - Sync 1 DAGs
[2026-06-19T22:02:40.246+0000] {logging_mixin.py:190} INFO - [2026-06-19T22:02:40.245+0000] {dag.py:4138} INFO - Setting next_dagrun for ecommerce_etl to 2026-06-19 00:00:00+00:00, run_after=2026-06-20 00:00:00+00:00
[2026-06-19T22:02:40.277+0000] {processor.py:208} INFO - Processing /opt/airflow/dags/ecommerce_etl_v1_working.py took 0.164 seconds
[2026-06-19T22:03:10.628+0000] {processor.py:186} INFO - Started process (PID=243) to work on /opt/airflow/dags/ecommerce_etl_v1_working.py
[2026-06-19T22:03:10.630+0000] {processor.py:914} INFO - Processing file /opt/airflow/dags/ecommerce_etl_v1_working.py for tasks to queue
[2026-06-19T22:03:10.634+0000] {logging_mixin.py:190} INFO - [2026-06-19T22:03:10.634+0000] {dagbag.py:587} INFO - Filling up the DagBag from /opt/airflow/dags/ecommerce_etl_v1_working.py
[2026-06-19T22:03:10.687+0000] {processor.py:925} INFO - DAG(s) 'ecommerce_etl' retrieved from /opt/airflow/dags/ecommerce_etl_v1_working.py
[2026-06-19T22:03:10.871+0000] {logging_mixin.py:190} INFO - [2026-06-19T22:03:10.871+0000] {dag.py:3211} INFO - Sync 1 DAGs
[2026-06-19T22:03:10.904+0000] {logging_mixin.py:190} INFO - [2026-06-19T22:03:10.903+0000] {dag.py:4138} INFO - Setting next_dagrun for ecommerce_etl to 2026-06-19 00:00:00+00:00, run_after=2026-06-20 00:00:00+00:00
[2026-06-19T22:03:11.154+0000] {processor.py:208} INFO - Processing /opt/airflow/dags/ecommerce_etl_v1_working.py took 0.537 seconds
[2026-06-19T22:03:41.350+0000] {processor.py:186} INFO - Started process (PID=253) to work on /opt/airflow/dags/ecommerce_etl_v1_working.py
[2026-06-19T22:03:41.352+0000] {processor.py:914} INFO - Processing file /opt/airflow/dags/ecommerce_etl_v1_working.py for tasks to queue
[2026-06-19T22:03:41.358+0000] {logging_mixin.py:190} INFO - [2026-06-19T22:03:41.358+0000] {dagbag.py:587} INFO - Filling up the DagBag from /opt/airflow/dags/ecommerce_etl_v1_working.py
[2026-06-19T22:03:41.401+0000] {processor.py:925} INFO - DAG(s) 'ecommerce_etl' retrieved from /opt/airflow/dags/ecommerce_etl_v1_working.py
[2026-06-19T22:03:41.480+0000] {logging_mixin.py:190} INFO - [2026-06-19T22:03:41.480+0000] {dag.py:3211} INFO - Sync 1 DAGs
[2026-06-19T22:03:41.559+0000] {logging_mixin.py:190} INFO - [2026-06-19T22:03:41.559+0000] {dag.py:4138} INFO - Setting next_dagrun for ecommerce_etl to 2026-06-19 00:00:00+00:00, run_after=2026-06-20 00:00:00+00:00
[2026-06-19T22:03:41.607+0000] {processor.py:208} INFO - Processing /opt/airflow/dags/ecommerce_etl_v1_working.py took 0.271 seconds
[2026-06-19T22:04:05.185+0000] {processor.py:186} INFO - Started process (PID=167) to work on /opt/airflow/dags/ecommerce_etl_v1_working.py
[2026-06-19T22:04:05.187+0000] {processor.py:914} INFO - Processing file /opt/airflow/dags/ecommerce_etl_v1_working.py for tasks to queue
[2026-06-19T22:04:05.191+0000] {logging_mixin.py:190} INFO - [2026-06-19T22:04:05.190+0000] {dagbag.py:587} INFO - Filling up the DagBag from /opt/airflow/dags/ecommerce_etl_v1_working.py
[2026-06-19T22:04:05.225+0000] {processor.py:925} INFO - DAG(s) 'ecommerce_etl' retrieved from /opt/airflow/dags/ecommerce_etl_v1_working.py
[2026-06-19T22:04:05.247+0000] {logging_mixin.py:190} INFO - [2026-06-19T22:04:05.247+0000] {dag.py:3211} INFO - Sync 1 DAGs
[2026-06-19T22:04:05.436+0000] {logging_mixin.py:190} INFO - [2026-06-19T22:04:05.436+0000] {dag.py:4138} INFO - Setting next_dagrun for ecommerce_etl to 2026-06-19 00:00:00+00:00, run_after=2026-06-20 00:00:00+00:00
[2026-06-19T22:04:05.477+0000] {processor.py:208} INFO - Processing /opt/airflow/dags/ecommerce_etl_v1_working.py took 0.304 seconds
[2026-06-19T22:04:35.896+0000] {processor.py:186} INFO - Started process (PID=183) to work on /opt/airflow/dags/ecommerce_etl_v1_working.py
[2026-06-19T22:04:35.897+0000] {processor.py:914} INFO - Processing file /opt/airflow/dags/ecommerce_etl_v1_working.py for tasks to queue
[2026-06-19T22:04:35.902+0000] {logging_mixin.py:190} INFO - [2026-06-19T22:04:35.902+0000] {dagbag.py:587} INFO - Filling up the DagBag from /opt/airflow/dags/ecommerce_etl_v1_working.py
[2026-06-19T22:04:35.938+0000] {processor.py:925} INFO - DAG(s) 'ecommerce_etl' retrieved from /opt/airflow/dags/ecommerce_etl_v1_working.py
[2026-06-19T22:04:36.109+0000] {logging_mixin.py:190} INFO - [2026-06-19T22:04:36.108+0000] {dag.py:3211} INFO - Sync 1 DAGs
[2026-06-19T22:04:36.134+0000] {logging_mixin.py:190} INFO - [2026-06-19T22:04:36.133+0000] {dag.py:4138} INFO - Setting next_dagrun for ecommerce_etl to 2026-06-19 00:00:00+00:00, run_after=2026-06-20 00:00:00+00:00
[2026-06-19T22:04:36.156+0000] {processor.py:208} INFO - Processing /opt/airflow/dags/ecommerce_etl_v1_working.py took 0.270 seconds
[2026-06-19T22:05:06.417+0000] {processor.py:186} INFO - Started process (PID=193) to work on /opt/airflow/dags/ecommerce_etl_v1_working.py
[2026-06-19T22:05:06.419+0000] {processor.py:914} INFO - Processing file /opt/airflow/dags/ecommerce_etl_v1_working.py for tasks to queue
[2026-06-19T22:05:06.423+0000] {logging_mixin.py:190} INFO - [2026-06-19T22:05:06.422+0000] {dagbag.py:587} INFO - Filling up the DagBag from /opt/airflow/dags/ecommerce_etl_v1_working.py
[2026-06-19T22:05:06.454+0000] {processor.py:925} INFO - DAG(s) 'ecommerce_etl' retrieved from /opt/airflow/dags/ecommerce_etl_v1_working.py
[2026-06-19T22:05:06.502+0000] {logging_mixin.py:190} INFO - [2026-06-19T22:05:06.502+0000] {dag.py:3211} INFO - Sync 1 DAGs
[2026-06-19T22:05:06.540+0000] {logging_mixin.py:190} INFO - [2026-06-19T22:05:06.540+0000] {dag.py:4138} INFO - Setting next_dagrun for ecommerce_etl to 2026-06-19 00:00:00+00:00, run_after=2026-06-20 00:00:00+00:00
[2026-06-19T22:05:06.607+0000] {processor.py:208} INFO - Processing /opt/airflow/dags/ecommerce_etl_v1_working.py took 0.199 seconds
[2026-06-19T22:05:37.020+0000] {processor.py:186} INFO - Started process (PID=203) to work on /opt/airflow/dags/ecommerce_etl_v1_working.py
[2026-06-19T22:05:37.021+0000] {processor.py:914} INFO - Processing file /opt/airflow/dags/ecommerce_etl_v1_working.py for tasks to queue
[2026-06-19T22:05:37.025+0000] {logging_mixin.py:190} INFO - [2026-06-19T22:05:37.024+0000] {dagbag.py:587} INFO - Filling up the DagBag from /opt/airflow/dags/ecommerce_etl_v1_working.py
[2026-06-19T22:05:37.054+0000] {processor.py:925} INFO - DAG(s) 'ecommerce_etl' retrieved from /opt/airflow/dags/ecommerce_etl_v1_working.py
[2026-06-19T22:05:37.235+0000] {logging_mixin.py:190} INFO - [2026-06-19T22:05:37.234+0000] {dag.py:3211} INFO - Sync 1 DAGs
[2026-06-19T22:05:37.266+0000] {logging_mixin.py:190} INFO - [2026-06-19T22:05:37.266+0000] {dag.py:4138} INFO - Setting next_dagrun for ecommerce_etl to 2026-06-19 00:00:00+00:00, run_after=2026-06-20 00:00:00+00:00
[2026-06-19T22:05:37.294+0000] {processor.py:208} INFO - Processing /opt/airflow/dags/ecommerce_etl_v1_working.py took 0.283 seconds
[2026-06-19T22:06:07.622+0000] {processor.py:186} INFO - Started process (PID=213) to work on /opt/airflow/dags/ecommerce_etl_v1_working.py
[2026-06-19T22:06:07.623+0000] {processor.py:914} INFO - Processing file /opt/airflow/dags/ecommerce_etl_v1_working.py for tasks to queue
[2026-06-19T22:06:07.627+0000] {logging_mixin.py:190} INFO - [2026-06-19T22:06:07.627+0000] {dagbag.py:587} INFO - Filling up the DagBag from /opt/airflow/dags/ecommerce_etl_v1_working.py
[2026-06-19T22:06:07.659+0000] {processor.py:925} INFO - DAG(s) 'ecommerce_etl' retrieved from /opt/airflow/dags/ecommerce_etl_v1_working.py
[2026-06-19T22:06:07.707+0000] {logging_mixin.py:190} INFO - [2026-06-19T22:06:07.707+0000] {dag.py:3211} INFO - Sync 1 DAGs
[2026-06-19T22:06:07.745+0000] {logging_mixin.py:190} INFO - [2026-06-19T22:06:07.745+0000] {dag.py:4138} INFO - Setting next_dagrun for ecommerce_etl to 2026-06-19 00:00:00+00:00, run_after=2026-06-20 00:00:00+00:00
[2026-06-19T22:06:07.812+0000] {processor.py:208} INFO - Processing /opt/airflow/dags/ecommerce_etl_v1_working.py took 0.201 seconds
[2026-06-19T22:06:38.208+0000] {processor.py:186} INFO - Started process (PID=223) to work on /opt/airflow/dags/ecommerce_etl_v1_working.py
[2026-06-19T22:06:38.209+0000] {processor.py:914} INFO - Processing file /opt/airflow/dags/ecommerce_etl_v1_working.py for tasks to queue
[2026-06-19T22:06:38.214+0000] {logging_mixin.py:190} INFO - [2026-06-19T22:06:38.213+0000] {dagbag.py:587} INFO - Filling up the DagBag from /opt/airflow/dags/ecommerce_etl_v1_working.py
[2026-06-19T22:06:38.244+0000] {processor.py:925} INFO - DAG(s) 'ecommerce_etl' retrieved from /opt/airflow/dags/ecommerce_etl_v1_working.py
[2026-06-19T22:06:38.423+0000] {logging_mixin.py:190} INFO - [2026-06-19T22:06:38.423+0000] {dag.py:3211} INFO - Sync 1 DAGs
[2026-06-19T22:06:38.454+0000] {logging_mixin.py:190} INFO - [2026-06-19T22:06:38.453+0000] {dag.py:4138} INFO - Setting next_dagrun for ecommerce_etl to 2026-06-19 00:00:00+00:00, run_after=2026-06-20 00:00:00+00:00
[2026-06-19T22:06:38.477+0000] {processor.py:208} INFO - Processing /opt/airflow/dags/ecommerce_etl_v1_working.py took 0.279 seconds
[2026-06-19T22:07:08.779+0000] {processor.py:186} INFO - Started process (PID=233) to work on /opt/airflow/dags/ecommerce_etl_v1_working.py
[2026-06-19T22:07:08.780+0000] {processor.py:914} INFO - Processing file /opt/airflow/dags/ecommerce_etl_v1_working.py for tasks to queue
[2026-06-19T22:07:08.786+0000] {logging_mixin.py:190} INFO - [2026-06-19T22:07:08.784+0000] {dagbag.py:587} INFO - Filling up the DagBag from /opt/airflow/dags/ecommerce_etl_v1_working.py
[2026-06-19T22:07:08.827+0000] {processor.py:925} INFO - DAG(s) 'ecommerce_etl' retrieved from /opt/airflow/dags/ecommerce_etl_v1_working.py
[2026-06-19T22:07:08.880+0000] {logging_mixin.py:190} INFO - [2026-06-19T22:07:08.880+0000] {dag.py:3211} INFO - Sync 1 DAGs
[2026-06-19T22:07:08.918+0000] {logging_mixin.py:190} INFO - [2026-06-19T22:07:08.918+0000] {dag.py:4138} INFO - Setting next_dagrun for ecommerce_etl to 2026-06-19 00:00:00+00:00, run_after=2026-06-20 00:00:00+00:00
[2026-06-19T22:07:08.986+0000] {processor.py:208} INFO - Processing /opt/airflow/dags/ecommerce_etl_v1_working.py took 0.216 seconds
[2026-06-19T22:07:39.474+0000] {processor.py:186} INFO - Started process (PID=243) to work on /opt/airflow/dags/ecommerce_etl_v1_working.py
[2026-06-19T22:07:39.475+0000] {processor.py:914} INFO - Processing file /opt/airflow/dags/ecommerce_etl_v1_working.py for tasks to queue
[2026-06-19T22:07:39.479+0000] {logging_mixin.py:190} INFO - [2026-06-19T22:07:39.478+0000] {dagbag.py:587} INFO - Filling up the DagBag from /opt/airflow/dags/ecommerce_etl_v1_working.py
[2026-06-19T22:07:39.516+0000] {processor.py:925} INFO - DAG(s) 'ecommerce_etl' retrieved from /opt/airflow/dags/ecommerce_etl_v1_working.py
[2026-06-19T22:07:39.664+0000] {logging_mixin.py:190} INFO - [2026-06-19T22:07:39.664+0000] {dag.py:3211} INFO - Sync 1 DAGs
[2026-06-19T22:07:39.704+0000] {logging_mixin.py:190} INFO - [2026-06-19T22:07:39.704+0000] {dag.py:4138} INFO - Setting next_dagrun for ecommerce_etl to 2026-06-19 00:00:00+00:00, run_after=2026-06-20 00:00:00+00:00
[2026-06-19T22:07:39.909+0000] {processor.py:208} INFO - Processing /opt/airflow/dags/ecommerce_etl_v1_working.py took 0.447 seconds
[2026-06-19T22:08:10.084+0000] {processor.py:186} INFO - Started process (PID=253) to work on /opt/airflow/dags/ecommerce_etl_v1_working.py
[2026-06-19T22:08:10.086+0000] {processor.py:914} INFO - Processing file /opt/airflow/dags/ecommerce_etl_v1_working.py for tasks to queue
[2026-06-19T22:08:10.089+0000] {logging_mixin.py:190} INFO - [2026-06-19T22:08:10.089+0000] {dagbag.py:587} INFO - Filling up the DagBag from /opt/airflow/dags/ecommerce_etl_v1_working.py
[2026-06-19T22:08:10.159+0000] {processor.py:925} INFO - DAG(s) 'ecommerce_etl' retrieved from /opt/airflow/dags/ecommerce_etl_v1_working.py
[2026-06-19T22:08:10.217+0000] {logging_mixin.py:190} INFO - [2026-06-19T22:08:10.216+0000] {dag.py:3211} INFO - Sync 1 DAGs
[2026-06-19T22:08:10.254+0000] {logging_mixin.py:190} INFO - [2026-06-19T22:08:10.254+0000] {dag.py:4138} INFO - Setting next_dagrun for ecommerce_etl to 2026-06-19 00:00:00+00:00, run_after=2026-06-20 00:00:00+00:00
[2026-06-19T22:08:10.290+0000] {processor.py:208} INFO - Processing /opt/airflow/dags/ecommerce_etl_v1_working.py took 0.218 seconds
[2026-06-19T22:08:40.636+0000] {processor.py:186} INFO - Started process (PID=260) to work on /opt/airflow/dags/ecommerce_etl_v1_working.py
[2026-06-19T22:08:40.637+0000] {processor.py:914} INFO - Processing file /opt/airflow/dags/ecommerce_etl_v1_working.py for tasks to queue
[2026-06-19T22:08:40.641+0000] {logging_mixin.py:190} INFO - [2026-06-19T22:08:40.640+0000] {dagbag.py:587} INFO - Filling up the DagBag from /opt/airflow/dags/ecommerce_etl_v1_working.py
[2026-06-19T22:08:40.671+0000] {processor.py:925} INFO - DAG(s) 'ecommerce_etl' retrieved from /opt/airflow/dags/ecommerce_etl_v1_working.py
[2026-06-19T22:08:40.832+0000] {logging_mixin.py:190} INFO - [2026-06-19T22:08:40.831+0000] {dag.py:3211} INFO - Sync 1 DAGs
[2026-06-19T22:08:41.150+0000] {logging_mixin.py:190} INFO - [2026-06-19T22:08:41.149+0000] {dag.py:4138} INFO - Setting next_dagrun for ecommerce_etl to 2026-06-19 00:00:00+00:00, run_after=2026-06-20 00:00:00+00:00
[2026-06-19T22:08:41.178+0000] {processor.py:208} INFO - Processing /opt/airflow/dags/ecommerce_etl_v1_working.py took 0.549 seconds
[2026-06-19T22:09:11.626+0000] {processor.py:186} INFO - Started process (PID=273) to work on /opt/airflow/dags/ecommerce_etl_v1_working.py
[2026-06-19T22:09:11.627+0000] {processor.py:914} INFO - Processing file /opt/airflow/dags/ecommerce_etl_v1_working.py for tasks to queue
[2026-06-19T22:09:11.631+0000] {logging_mixin.py:190} INFO - [2026-06-19T22:09:11.631+0000] {dagbag.py:587} INFO - Filling up the DagBag from /opt/airflow/dags/ecommerce_etl_v1_working.py
[2026-06-19T22:09:11.664+0000] {processor.py:925} INFO - DAG(s) 'ecommerce_etl' retrieved from /opt/airflow/dags/ecommerce_etl_v1_working.py
[2026-06-19T22:09:11.725+0000] {logging_mixin.py:190} INFO - [2026-06-19T22:09:11.725+0000] {dag.py:3211} INFO - Sync 1 DAGs
[2026-06-19T22:09:11.797+0000] {logging_mixin.py:190} INFO - [2026-06-19T22:09:11.796+0000] {dag.py:4138} INFO - Setting next_dagrun for ecommerce_etl to 2026-06-19 00:00:00+00:00, run_after=2026-06-20 00:00:00+00:00
[2026-06-19T22:09:11.848+0000] {processor.py:208} INFO - Processing /opt/airflow/dags/ecommerce_etl_v1_working.py took 0.232 seconds
[2026-06-19T22:09:42.239+0000] {processor.py:186} INFO - Started process (PID=283) to work on /opt/airflow/dags/ecommerce_etl_v1_working.py
[2026-06-19T22:09:42.240+0000] {processor.py:914} INFO - Processing file /opt/airflow/dags/ecommerce_etl_v1_working.py for tasks to queue
[2026-06-19T22:09:42.245+0000] {logging_mixin.py:190} INFO - [2026-06-19T22:09:42.245+0000] {dagbag.py:587} INFO - Filling up the DagBag from /opt/airflow/dags/ecommerce_etl_v1_working.py
[2026-06-19T22:09:42.283+0000] {processor.py:925} INFO - DAG(s) 'ecommerce_etl' retrieved from /opt/airflow/dags/ecommerce_etl_v1_working.py
[2026-06-19T22:09:42.468+0000] {logging_mixin.py:190} INFO - [2026-06-19T22:09:42.468+0000] {dag.py:3211} INFO - Sync 1 DAGs
[2026-06-19T22:09:42.499+0000] {logging_mixin.py:190} INFO - [2026-06-19T22:09:42.498+0000] {dag.py:4138} INFO - Setting next_dagrun for ecommerce_etl to 2026-06-19 00:00:00+00:00, run_after=2026-06-20 00:00:00+00:00
[2026-06-19T22:09:42.532+0000] {processor.py:208} INFO - Processing /opt/airflow/dags/ecommerce_etl_v1_working.py took 0.304 seconds
[2026-06-19T22:10:12.886+0000] {processor.py:186} INFO - Started process (PID=293) to work on /opt/airflow/dags/ecommerce_etl_v1_working.py
[2026-06-19T22:10:12.887+0000] {processor.py:914} INFO - Processing file /opt/airflow/dags/ecommerce_etl_v1_working.py for tasks to queue
[2026-06-19T22:10:12.891+0000] {logging_mixin.py:190} INFO - [2026-06-19T22:10:12.890+0000] {dagbag.py:587} INFO - Filling up the DagBag from /opt/airflow/dags/ecommerce_etl_v1_working.py
[2026-06-19T22:10:12.938+0000] {processor.py:925} INFO - DAG(s) 'ecommerce_etl' retrieved from /opt/airflow/dags/ecommerce_etl_v1_working.py
[2026-06-19T22:10:12.994+0000] {logging_mixin.py:190} INFO - [2026-06-19T22:10:12.994+0000] {dag.py:3211} INFO - Sync 1 DAGs
[2026-06-19T22:10:13.041+0000] {logging_mixin.py:190} INFO - [2026-06-19T22:10:13.040+0000] {dag.py:4138} INFO - Setting next_dagrun for ecommerce_etl to 2026-06-19 00:00:00+00:00, run_after=2026-06-20 00:00:00+00:00
[2026-06-19T22:10:13.110+0000] {processor.py:208} INFO - Processing /opt/airflow/dags/ecommerce_etl_v1_working.py took 0.234 seconds
[2026-06-19T22:10:43.452+0000] {processor.py:186} INFO - Started process (PID=300) to work on /opt/airflow/dags/ecommerce_etl_v1_working.py
[2026-06-19T22:10:43.454+0000] {processor.py:914} INFO - Processing file /opt/airflow/dags/ecommerce_etl_v1_working.py for tasks to queue
[2026-06-19T22:10:43.456+0000] {logging_mixin.py:190} INFO - [2026-06-19T22:10:43.456+0000] {dagbag.py:587} INFO - Filling up the DagBag from /opt/airflow/dags/ecommerce_etl_v1_working.py
[2026-06-19T22:10:43.486+0000] {processor.py:925} INFO - DAG(s) 'ecommerce_etl' retrieved from /opt/airflow/dags/ecommerce_etl_v1_working.py
[2026-06-19T22:10:43.632+0000] {logging_mixin.py:190} INFO - [2026-06-19T22:10:43.632+0000] {dag.py:3211} INFO - Sync 1 DAGs
[2026-06-19T22:10:43.843+0000] {logging_mixin.py:190} INFO - [2026-06-19T22:10:43.842+0000] {dag.py:4138} INFO - Setting next_dagrun for ecommerce_etl to 2026-06-19 00:00:00+00:00, run_after=2026-06-20 00:00:00+00:00
[2026-06-19T22:10:43.909+0000] {processor.py:208} INFO - Processing /opt/airflow/dags/ecommerce_etl_v1_working.py took 0.464 seconds
[2026-06-19T22:11:14.328+0000] {processor.py:186} INFO - Started process (PID=313) to work on /opt/airflow/dags/ecommerce_etl_v1_working.py
[2026-06-19T22:11:14.329+0000] {processor.py:914} INFO - Processing file /opt/airflow/dags/ecommerce_etl_v1_working.py for tasks to queue
[2026-06-19T22:11:14.332+0000] {logging_mixin.py:190} INFO - [2026-06-19T22:11:14.332+0000] {dagbag.py:587} INFO - Filling up the DagBag from /opt/airflow/dags/ecommerce_etl_v1_working.py
[2026-06-19T22:11:14.367+0000] {processor.py:925} INFO - DAG(s) 'ecommerce_etl' retrieved from /opt/airflow/dags/ecommerce_etl_v1_working.py
[2026-06-19T22:11:14.410+0000] {logging_mixin.py:190} INFO - [2026-06-19T22:11:14.409+0000] {dag.py:3211} INFO - Sync 1 DAGs
[2026-06-19T22:11:14.442+0000] {logging_mixin.py:190} INFO - [2026-06-19T22:11:14.442+0000] {dag.py:4138} INFO - Setting next_dagrun for ecommerce_etl to 2026-06-19 00:00:00+00:00, run_after=2026-06-20 00:00:00+00:00
[2026-06-19T22:11:14.512+0000] {processor.py:208} INFO - Processing /opt/airflow/dags/ecommerce_etl_v1_working.py took 0.192 seconds
